{"meta": {"format": 3, "version": "7.9.2", "timestamp": "2025-07-10T02:31:31.680699", "branch_coverage": false, "show_contexts": false}, "files": {"fastmcp/__init__.py": {"executed_lines": [1, 6, 7, 8, 9, 11, 12], "summary": {"covered_lines": 6, "num_statements": 6, "percent_covered": 100.0, "percent_covered_display": "100", "missing_lines": 0, "excluded_lines": 0}, "missing_lines": [], "excluded_lines": [], "functions": {"": {"executed_lines": [1, 6, 7, 8, 9, 11, 12], "summary": {"covered_lines": 6, "num_statements": 6, "percent_covered": 100.0, "percent_covered_display": "100", "missing_lines": 0, "excluded_lines": 0}, "missing_lines": [], "excluded_lines": []}}, "classes": {"": {"executed_lines": [1, 6, 7, 8, 9, 11, 12], "summary": {"covered_lines": 6, "num_statements": 6, "percent_covered": 100.0, "percent_covered_display": "100", "missing_lines": 0, "excluded_lines": 0}, "missing_lines": [], "excluded_lines": []}}}, "fastmcp/core.py": {"executed_lines": [1, 6, 7, 8, 9, 10, 11, 12, 13, 14, 15, 18, 19, 20, 21, 22, 23, 24, 25, 26, 29, 30, 40, 41, 46, 47, 48, 49, 50, 51, 53, 55, 56, 57, 59, 62, 63, 70, 71, 101, 103, 106, 107, 112, 121, 122, 125, 126, 132, 135, 136, 142, 143, 145, 147, 164, 183, 201, 223, 225], "summary": {"covered_lines": 57, "num_statements": 96, "percent_covered": 59.375, "percent_covered_display": "59", "missing_lines": 39, "excluded_lines": 0}, "missing_lines": [65, 66, 67, 68, 73, 74, 75, 76, 77, 79, 80, 81, 84, 85, 86, 87, 88, 89, 91, 93, 94, 96, 97, 98, 99, 110, 157, 158, 159, 160, 162, 166, 167, 169, 170, 185, 186, 188, 203], "excluded_lines": [], "functions": {"FastMCP.__init__": {"executed_lines": [41, 46, 47, 48, 49, 50, 51], "summary": {"covered_lines": 7, "num_statements": 7, "percent_covered": 100.0, "percent_covered_display": "100", "missing_lines": 0, "excluded_lines": 0}, "missing_lines": [], "excluded_lines": []}, "FastMCP._setup_logging": {"executed_lines": [55, 56, 57], "summary": {"covered_lines": 3, "num_statements": 3, "percent_covered": 100.0, "percent_covered_display": "100", "missing_lines": 0, "excluded_lines": 0}, "missing_lines": [], "excluded_lines": []}, "FastMCP._setup_server_handlers": {"executed_lines": [62, 63, 70, 71], "summary": {"covered_lines": 4, "num_statements": 4, "percent_covered": 100.0, "percent_covered_display": "100", "missing_lines": 0, "excluded_lines": 0}, "missing_lines": [], "excluded_lines": []}, "FastMCP._setup_server_handlers.list_tools": {"executed_lines": [], "summary": {"covered_lines": 0, "num_statements": 4, "percent_covered": 0.0, "percent_covered_display": "0", "missing_lines": 4, "excluded_lines": 0}, "missing_lines": [65, 66, 67, 68], "excluded_lines": []}, "FastMCP._setup_server_handlers.call_tool": {"executed_lines": [], "summary": {"covered_lines": 0, "num_statements": 21, "percent_covered": 0.0, "percent_covered_display": "0", "missing_lines": 21, "excluded_lines": 0}, "missing_lines": [73, 74, 75, 76, 77, 79, 80, 81, 84, 85, 86, 87, 88, 89, 91, 93, 94, 96, 97, 98, 99], "excluded_lines": []}, "FastMCP._call_tool_safe": {"executed_lines": [103, 106, 107], "summary": {"covered_lines": 3, "num_statements": 4, "percent_covered": 75.0, "percent_covered_display": "75", "missing_lines": 1, "excluded_lines": 0}, "missing_lines": [110], "excluded_lines": []}, "FastMCP.tool": {"executed_lines": [121, 145], "summary": {"covered_lines": 2, "num_statements": 2, "percent_covered": 100.0, "percent_covered_display": "100", "missing_lines": 0, "excluded_lines": 0}, "missing_lines": [], "excluded_lines": []}, "FastMCP.tool.decorator": {"executed_lines": [122, 125, 126, 132, 135, 136, 142, 143], "summary": {"covered_lines": 8, "num_statements": 8, "percent_covered": 100.0, "percent_covered_display": "100", "missing_lines": 0, "excluded_lines": 0}, "missing_lines": [], "excluded_lines": []}, "FastMCP.resource": {"executed_lines": [], "summary": {"covered_lines": 0, "num_statements": 2, "percent_covered": 0.0, "percent_covered_display": "0", "missing_lines": 2, "excluded_lines": 0}, "missing_lines": [157, 162], "excluded_lines": []}, "FastMCP.resource.decorator": {"executed_lines": [], "summary": {"covered_lines": 0, "num_statements": 3, "percent_covered": 0.0, "percent_covered_display": "0", "missing_lines": 3, "excluded_lines": 0}, "missing_lines": [158, 159, 160], "excluded_lines": []}, "FastMCP.run_stdio": {"executed_lines": [], "summary": {"covered_lines": 0, "num_statements": 4, "percent_covered": 0.0, "percent_covered_display": "0", "missing_lines": 4, "excluded_lines": 0}, "missing_lines": [166, 167, 169, 170], "excluded_lines": []}, "FastMCP.run_transport": {"executed_lines": [], "summary": {"covered_lines": 0, "num_statements": 3, "percent_covered": 0.0, "percent_covered_display": "0", "missing_lines": 3, "excluded_lines": 0}, "missing_lines": [185, 186, 188], "excluded_lines": []}, "FastMCP.get_tool_info": {"executed_lines": [], "summary": {"covered_lines": 0, "num_statements": 1, "percent_covered": 0.0, "percent_covered_display": "0", "missing_lines": 1, "excluded_lines": 0}, "missing_lines": [203], "excluded_lines": []}, "FastMCP.get_health_status": {"executed_lines": [225], "summary": {"covered_lines": 1, "num_statements": 1, "percent_covered": 100.0, "percent_covered_display": "100", "missing_lines": 0, "excluded_lines": 0}, "missing_lines": [], "excluded_lines": []}, "": {"executed_lines": [1, 6, 7, 8, 9, 10, 11, 12, 13, 14, 15, 18, 19, 20, 21, 22, 23, 24, 25, 26, 29, 30, 40, 53, 59, 101, 112, 147, 164, 183, 201, 223], "summary": {"covered_lines": 29, "num_statements": 29, "percent_covered": 100.0, "percent_covered_display": "100", "missing_lines": 0, "excluded_lines": 0}, "missing_lines": [], "excluded_lines": []}}, "classes": {"MCPServerConfig": {"executed_lines": [], "summary": {"covered_lines": 0, "num_statements": 0, "percent_covered": 100.0, "percent_covered_display": "100", "missing_lines": 0, "excluded_lines": 0}, "missing_lines": [], "excluded_lines": []}, "FastMCP": {"executed_lines": [41, 46, 47, 48, 49, 50, 51, 55, 56, 57, 62, 63, 70, 71, 103, 106, 107, 121, 122, 125, 126, 132, 135, 136, 142, 143, 145, 225], "summary": {"covered_lines": 28, "num_statements": 67, "percent_covered": 41.791044776119406, "percent_covered_display": "42", "missing_lines": 39, "excluded_lines": 0}, "missing_lines": [65, 66, 67, 68, 73, 74, 75, 76, 77, 79, 80, 81, 84, 85, 86, 87, 88, 89, 91, 93, 94, 96, 97, 98, 99, 110, 157, 158, 159, 160, 162, 166, 167, 169, 170, 185, 186, 188, 203], "excluded_lines": []}, "": {"executed_lines": [1, 6, 7, 8, 9, 10, 11, 12, 13, 14, 15, 18, 19, 20, 21, 22, 23, 24, 25, 26, 29, 30, 40, 53, 59, 101, 112, 147, 164, 183, 201, 223], "summary": {"covered_lines": 29, "num_statements": 29, "percent_covered": 100.0, "percent_covered_display": "100", "missing_lines": 0, "excluded_lines": 0}, "missing_lines": [], "excluded_lines": []}}}, "fastmcp/health.py": {"executed_lines": [1, 6, 7, 8, 9, 10, 11, 14, 15, 16, 17, 18, 19, 22, 23, 24, 25, 26, 27, 28, 29, 30, 31, 32, 33, 34, 35, 36, 37, 40, 41, 42, 43, 44, 45, 46, 47, 48, 49, 50, 51, 54, 55, 65, 66, 67, 68, 69, 70, 71, 72, 73, 75, 106, 112, 162, 169, 176, 177, 198, 222, 263, 270, 279, 288, 299, 325], "summary": {"covered_lines": 62, "num_statements": 161, "percent_covered": 38.50931677018634, "percent_covered_display": "39", "missing_lines": 99, "excluded_lines": 0}, "missing_lines": [95, 104, 108, 109, 110, 122, 123, 125, 127, 132, 133, 134, 136, 137, 138, 140, 141, 142, 144, 146, 147, 148, 149, 150, 151, 152, 154, 155, 156, 157, 158, 159, 160, 164, 165, 167, 179, 180, 182, 183, 184, 186, 187, 188, 189, 191, 192, 193, 194, 196, 206, 207, 209, 210, 212, 215, 216, 217, 220, 229, 231, 281, 282, 284, 285, 286, 290, 291, 292, 293, 294, 295, 296, 297, 301, 303, 304, 306, 307, 308, 311, 314, 317, 319, 320, 321, 322, 323, 328, 330, 332, 334, 335, 336, 337, 338, 339, 341, 342], "excluded_lines": [], "functions": {"HealthMonitor.__init__": {"executed_lines": [66, 67, 68, 69, 70, 71, 72, 73], "summary": {"covered_lines": 8, "num_statements": 8, "percent_covered": 100.0, "percent_covered_display": "100", "missing_lines": 0, "excluded_lines": 0}, "missing_lines": [], "excluded_lines": []}, "HealthMonitor.add_health_check": {"executed_lines": [], "summary": {"covered_lines": 0, "num_statements": 2, "percent_covered": 0.0, "percent_covered_display": "0", "missing_lines": 2, "excluded_lines": 0}, "missing_lines": [95, 104], "excluded_lines": []}, "HealthMonitor.remove_health_check": {"executed_lines": [], "summary": {"covered_lines": 0, "num_statements": 3, "percent_covered": 0.0, "percent_covered_display": "0", "missing_lines": 3, "excluded_lines": 0}, "missing_lines": [108, 109, 110], "excluded_lines": []}, "HealthMonitor.run_health_check": {"executed_lines": [], "summary": {"covered_lines": 0, "num_statements": 28, "percent_covered": 0.0, "percent_covered_display": "0", "missing_lines": 28, "excluded_lines": 0}, "missing_lines": [122, 123, 125, 127, 132, 133, 134, 136, 137, 138, 140, 141, 142, 144, 146, 147, 148, 149, 150, 151, 152, 154, 155, 156, 157, 158, 159, 160], "excluded_lines": []}, "HealthMonitor._execute_check": {"executed_lines": [], "summary": {"covered_lines": 0, "num_statements": 3, "percent_covered": 0.0, "percent_covered_display": "0", "missing_lines": 3, "excluded_lines": 0}, "missing_lines": [164, 165, 167], "excluded_lines": []}, "HealthMonitor.get_health_status": {"executed_lines": [176, 177], "summary": {"covered_lines": 2, "num_statements": 16, "percent_covered": 12.5, "percent_covered_display": "12", "missing_lines": 14, "excluded_lines": 0}, "missing_lines": [179, 180, 182, 183, 184, 186, 187, 188, 189, 191, 192, 193, 194, 196], "excluded_lines": []}, "HealthMonitor.record_request": {"executed_lines": [], "summary": {"covered_lines": 0, "num_statements": 9, "percent_covered": 0.0, "percent_covered_display": "0", "missing_lines": 9, "excluded_lines": 0}, "missing_lines": [206, 207, 209, 210, 212, 215, 216, 217, 220], "excluded_lines": []}, "HealthMonitor.get_detailed_status": {"executed_lines": [], "summary": {"covered_lines": 0, "num_statements": 2, "percent_covered": 0.0, "percent_covered_display": "0", "missing_lines": 2, "excluded_lines": 0}, "missing_lines": [229, 231], "excluded_lines": []}, "HealthMonitor.get_simple_status": {"executed_lines": [270], "summary": {"covered_lines": 1, "num_statements": 1, "percent_covered": 100.0, "percent_covered_display": "100", "missing_lines": 0, "excluded_lines": 0}, "missing_lines": [], "excluded_lines": []}, "HealthMonitor.start_monitoring": {"executed_lines": [], "summary": {"covered_lines": 0, "num_statements": 5, "percent_covered": 0.0, "percent_covered_display": "0", "missing_lines": 5, "excluded_lines": 0}, "missing_lines": [281, 282, 284, 285, 286], "excluded_lines": []}, "HealthMonitor.stop_monitoring": {"executed_lines": [], "summary": {"covered_lines": 0, "num_statements": 8, "percent_covered": 0.0, "percent_covered_display": "0", "missing_lines": 8, "excluded_lines": 0}, "missing_lines": [290, 291, 292, 293, 294, 295, 296, 297], "excluded_lines": []}, "HealthMonitor._monitoring_loop": {"executed_lines": [], "summary": {"covered_lines": 0, "num_statements": 14, "percent_covered": 0.0, "percent_covered_display": "0", "missing_lines": 14, "excluded_lines": 0}, "missing_lines": [301, 303, 304, 306, 307, 308, 311, 314, 317, 319, 320, 321, 322, 323], "excluded_lines": []}, "HealthMonitor.add_default_health_checks": {"executed_lines": [], "summary": {"covered_lines": 0, "num_statements": 4, "percent_covered": 0.0, "percent_covered_display": "0", "missing_lines": 4, "excluded_lines": 0}, "missing_lines": [328, 332, 341, 342], "excluded_lines": []}, "HealthMonitor.add_default_health_checks.basic_health_check": {"executed_lines": [], "summary": {"covered_lines": 0, "num_statements": 1, "percent_covered": 0.0, "percent_covered_display": "0", "missing_lines": 1, "excluded_lines": 0}, "missing_lines": [330], "excluded_lines": []}, "HealthMonitor.add_default_health_checks.memory_health_check": {"executed_lines": [], "summary": {"covered_lines": 0, "num_statements": 6, "percent_covered": 0.0, "percent_covered_display": "0", "missing_lines": 6, "excluded_lines": 0}, "missing_lines": [334, 335, 336, 337, 338, 339], "excluded_lines": []}, "": {"executed_lines": [1, 6, 7, 8, 9, 10, 11, 14, 15, 16, 17, 18, 19, 22, 23, 24, 25, 26, 27, 28, 29, 30, 31, 32, 33, 34, 35, 36, 37, 40, 41, 42, 43, 44, 45, 46, 47, 48, 49, 50, 51, 54, 55, 65, 75, 106, 112, 162, 169, 198, 222, 263, 279, 288, 299, 325], "summary": {"covered_lines": 51, "num_statements": 51, "percent_covered": 100.0, "percent_covered_display": "100", "missing_lines": 0, "excluded_lines": 0}, "missing_lines": [], "excluded_lines": []}}, "classes": {"HealthStatus": {"executed_lines": [], "summary": {"covered_lines": 0, "num_statements": 0, "percent_covered": 100.0, "percent_covered_display": "100", "missing_lines": 0, "excluded_lines": 0}, "missing_lines": [], "excluded_lines": []}, "HealthCheck": {"executed_lines": [], "summary": {"covered_lines": 0, "num_statements": 0, "percent_covered": 100.0, "percent_covered_display": "100", "missing_lines": 0, "excluded_lines": 0}, "missing_lines": [], "excluded_lines": []}, "ServerMetrics": {"executed_lines": [], "summary": {"covered_lines": 0, "num_statements": 0, "percent_covered": 100.0, "percent_covered_display": "100", "missing_lines": 0, "excluded_lines": 0}, "missing_lines": [], "excluded_lines": []}, "HealthMonitor": {"executed_lines": [66, 67, 68, 69, 70, 71, 72, 73, 176, 177, 270], "summary": {"covered_lines": 11, "num_statements": 110, "percent_covered": 10.0, "percent_covered_display": "10", "missing_lines": 99, "excluded_lines": 0}, "missing_lines": [95, 104, 108, 109, 110, 122, 123, 125, 127, 132, 133, 134, 136, 137, 138, 140, 141, 142, 144, 146, 147, 148, 149, 150, 151, 152, 154, 155, 156, 157, 158, 159, 160, 164, 165, 167, 179, 180, 182, 183, 184, 186, 187, 188, 189, 191, 192, 193, 194, 196, 206, 207, 209, 210, 212, 215, 216, 217, 220, 229, 231, 281, 282, 284, 285, 286, 290, 291, 292, 293, 294, 295, 296, 297, 301, 303, 304, 306, 307, 308, 311, 314, 317, 319, 320, 321, 322, 323, 328, 330, 332, 334, 335, 336, 337, 338, 339, 341, 342], "excluded_lines": []}, "": {"executed_lines": [1, 6, 7, 8, 9, 10, 11, 14, 15, 16, 17, 18, 19, 22, 23, 24, 25, 26, 27, 28, 29, 30, 31, 32, 33, 34, 35, 36, 37, 40, 41, 42, 43, 44, 45, 46, 47, 48, 49, 50, 51, 54, 55, 65, 75, 106, 112, 162, 169, 198, 222, 263, 279, 288, 299, 325], "summary": {"covered_lines": 51, "num_statements": 51, "percent_covered": 100.0, "percent_covered_display": "100", "missing_lines": 0, "excluded_lines": 0}, "missing_lines": [], "excluded_lines": []}}}, "fastmcp/registry.py": {"executed_lines": [1, 6, 7, 8, 9, 10, 11, 13, 14, 17, 18, 19, 20, 21, 22, 23, 24, 25, 26, 27, 28, 29, 30, 33, 34, 35, 36, 37, 38, 39, 40, 41, 42, 45, 46, 53, 54, 55, 58, 59, 60, 63, 64, 65, 67, 68, 69, 71, 74, 89, 92, 93, 94, 103, 106, 107, 114, 116, 118, 133, 144, 146, 147, 148, 154, 157, 159, 160, 162, 164, 166, 172, 182, 184, 185, 187, 188, 191, 204, 210, 221, 223, 224, 225, 230, 231, 234, 260, 271, 273, 274, 276, 278, 279, 282, 286, 288, 300, 306, 316, 318, 319, 336, 337, 338, 340, 342, 350, 355, 357, 358, 359, 360, 362, 380, 382, 385, 388, 389, 390, 391, 416, 418, 419, 420, 421, 424, 425, 436, 437, 438, 440, 443, 446, 447, 456, 459, 460, 462, 464, 465, 467, 469, 470, 504, 506, 507, 509, 514, 518, 522], "summary": {"covered_lines": 147, "num_statements": 171, "percent_covered": 85.96491228070175, "percent_covered_display": "86", "missing_lines": 24, "excluded_lines": 0}, "missing_lines": [126, 127, 128, 189, 284, 321, 322, 327, 328, 398, 399, 406, 407, 408, 409, 439, 441, 457, 511, 512, 516, 520, 524, 525], "excluded_lines": [], "functions": {"MCPRegistry.__init__": {"executed_lines": [54, 55, 58, 59, 60, 63, 64, 65, 67, 68, 69], "summary": {"covered_lines": 11, "num_statements": 11, "percent_covered": 100.0, "percent_covered_display": "100", "missing_lines": 0, "excluded_lines": 0}, "missing_lines": [], "excluded_lines": []}, "MCPRegistry._setup_registry_tools": {"executed_lines": [74, 89, 133, 144, 172, 182, 210, 221, 260, 271, 306, 316, 350, 355], "summary": {"covered_lines": 14, "num_statements": 14, "percent_covered": 100.0, "percent_covered_display": "100", "missing_lines": 0, "excluded_lines": 0}, "missing_lines": [], "excluded_lines": []}, "MCPRegistry._setup_registry_tools.register_server": {"executed_lines": [92, 93, 94, 103, 106, 107, 114, 116, 118], "summary": {"covered_lines": 9, "num_statements": 12, "percent_covered": 75.0, "percent_covered_display": "75", "missing_lines": 3, "excluded_lines": 0}, "missing_lines": [126, 127, 128], "excluded_lines": []}, "MCPRegistry._setup_registry_tools.unregister_server": {"executed_lines": [146, 147, 148, 154, 157, 159, 160, 162, 164, 166], "summary": {"covered_lines": 10, "num_statements": 10, "percent_covered": 100.0, "percent_covered_display": "100", "missing_lines": 0, "excluded_lines": 0}, "missing_lines": [], "excluded_lines": []}, "MCPRegistry._setup_registry_tools.list_servers": {"executed_lines": [184, 185, 187, 188, 191, 204], "summary": {"covered_lines": 6, "num_statements": 7, "percent_covered": 85.71428571428571, "percent_covered_display": "86", "missing_lines": 1, "excluded_lines": 0}, "missing_lines": [189], "excluded_lines": []}, "MCPRegistry._setup_registry_tools.get_server_info": {"executed_lines": [223, 224, 225, 230, 231, 234], "summary": {"covered_lines": 6, "num_statements": 6, "percent_covered": 100.0, "percent_covered_display": "100", "missing_lines": 0, "excluded_lines": 0}, "missing_lines": [], "excluded_lines": []}, "MCPRegistry._setup_registry_tools.discover_tools": {"executed_lines": [273, 274, 276, 278, 279, 282, 286, 288, 300], "summary": {"covered_lines": 9, "num_statements": 10, "percent_covered": 90.0, "percent_covered_display": "90", "missing_lines": 1, "excluded_lines": 0}, "missing_lines": [284], "excluded_lines": []}, "MCPRegistry._setup_registry_tools.health_check": {"executed_lines": [318, 319, 336, 337, 338, 340, 342], "summary": {"covered_lines": 7, "num_statements": 11, "percent_covered": 63.63636363636363, "percent_covered_display": "64", "missing_lines": 4, "excluded_lines": 0}, "missing_lines": [321, 322, 327, 328], "excluded_lines": []}, "MCPRegistry._setup_registry_tools.get_registry_status": {"executed_lines": [357, 358, 359, 360, 362], "summary": {"covered_lines": 5, "num_statements": 5, "percent_covered": 100.0, "percent_covered_display": "100", "missing_lines": 0, "excluded_lines": 0}, "missing_lines": [], "excluded_lines": []}, "MCPRegistry._check_server_health": {"executed_lines": [382, 385, 388, 389, 390, 391], "summary": {"covered_lines": 6, "num_statements": 12, "percent_covered": 50.0, "percent_covered_display": "50", "missing_lines": 6, "excluded_lines": 0}, "missing_lines": [398, 399, 406, 407, 408, 409], "excluded_lines": []}, "MCPRegistry._load_registry_data": {"executed_lines": [418, 419, 420, 421, 424, 425, 436, 437, 438, 440, 443, 446, 447, 456, 459, 460, 462, 464, 465], "summary": {"covered_lines": 19, "num_statements": 22, "percent_covered": 86.36363636363636, "percent_covered_display": "86", "missing_lines": 3, "excluded_lines": 0}, "missing_lines": [439, 441, 457], "excluded_lines": []}, "MCPRegistry._save_registry_data": {"executed_lines": [469, 470, 504, 506, 507, 509], "summary": {"covered_lines": 6, "num_statements": 8, "percent_covered": 75.0, "percent_covered_display": "75", "missing_lines": 2, "excluded_lines": 0}, "missing_lines": [511, 512], "excluded_lines": []}, "MCPRegistry.start_monitoring": {"executed_lines": [], "summary": {"covered_lines": 0, "num_statements": 1, "percent_covered": 0.0, "percent_covered_display": "0", "missing_lines": 1, "excluded_lines": 0}, "missing_lines": [516], "excluded_lines": []}, "MCPRegistry.stop_monitoring": {"executed_lines": [], "summary": {"covered_lines": 0, "num_statements": 1, "percent_covered": 0.0, "percent_covered_display": "0", "missing_lines": 1, "excluded_lines": 0}, "missing_lines": [520], "excluded_lines": []}, "MCPRegistry.run": {"executed_lines": [], "summary": {"covered_lines": 0, "num_statements": 2, "percent_covered": 0.0, "percent_covered_display": "0", "missing_lines": 2, "excluded_lines": 0}, "missing_lines": [524, 525], "excluded_lines": []}, "": {"executed_lines": [1, 6, 7, 8, 9, 10, 11, 13, 14, 17, 18, 19, 20, 21, 22, 23, 24, 25, 26, 27, 28, 29, 30, 33, 34, 35, 36, 37, 38, 39, 40, 41, 42, 45, 46, 53, 71, 380, 416, 467, 514, 518, 522], "summary": {"covered_lines": 39, "num_statements": 39, "percent_covered": 100.0, "percent_covered_display": "100", "missing_lines": 0, "excluded_lines": 0}, "missing_lines": [], "excluded_lines": []}}, "classes": {"MCPServerInfo": {"executed_lines": [], "summary": {"covered_lines": 0, "num_statements": 0, "percent_covered": 100.0, "percent_covered_display": "100", "missing_lines": 0, "excluded_lines": 0}, "missing_lines": [], "excluded_lines": []}, "ToolInfo": {"executed_lines": [], "summary": {"covered_lines": 0, "num_statements": 0, "percent_covered": 100.0, "percent_covered_display": "100", "missing_lines": 0, "excluded_lines": 0}, "missing_lines": [], "excluded_lines": []}, "MCPRegistry": {"executed_lines": [54, 55, 58, 59, 60, 63, 64, 65, 67, 68, 69, 74, 89, 92, 93, 94, 103, 106, 107, 114, 116, 118, 133, 144, 146, 147, 148, 154, 157, 159, 160, 162, 164, 166, 172, 182, 184, 185, 187, 188, 191, 204, 210, 221, 223, 224, 225, 230, 231, 234, 260, 271, 273, 274, 276, 278, 279, 282, 286, 288, 300, 306, 316, 318, 319, 336, 337, 338, 340, 342, 350, 355, 357, 358, 359, 360, 362, 382, 385, 388, 389, 390, 391, 418, 419, 420, 421, 424, 425, 436, 437, 438, 440, 443, 446, 447, 456, 459, 460, 462, 464, 465, 469, 470, 504, 506, 507, 509], "summary": {"covered_lines": 108, "num_statements": 132, "percent_covered": 81.81818181818181, "percent_covered_display": "82", "missing_lines": 24, "excluded_lines": 0}, "missing_lines": [126, 127, 128, 189, 284, 321, 322, 327, 328, 398, 399, 406, 407, 408, 409, 439, 441, 457, 511, 512, 516, 520, 524, 525], "excluded_lines": []}, "": {"executed_lines": [1, 6, 7, 8, 9, 10, 11, 13, 14, 17, 18, 19, 20, 21, 22, 23, 24, 25, 26, 27, 28, 29, 30, 33, 34, 35, 36, 37, 38, 39, 40, 41, 42, 45, 46, 53, 71, 380, 416, 467, 514, 518, 522], "summary": {"covered_lines": 39, "num_statements": 39, "percent_covered": 100.0, "percent_covered_display": "100", "missing_lines": 0, "excluded_lines": 0}, "missing_lines": [], "excluded_lines": []}}}, "fastmcp/tools.py": {"executed_lines": [1, 6, 7, 8, 9, 10, 11, 12, 15, 16, 17, 18, 19, 20, 21, 22, 23, 24, 25, 26, 27, 30, 73, 111, 145, 146, 148, 149, 150, 152, 181, 185, 196, 234, 252, 264, 267, 272, 277, 282], "summary": {"covered_lines": 37, "num_statements": 105, "percent_covered": 35.23809523809524, "percent_covered_display": "35", "missing_lines": 68, "excluded_lines": 0}, "missing_lines": [45, 46, 47, 50, 51, 53, 60, 68, 70, 83, 84, 86, 87, 89, 90, 93, 95, 101, 102, 104, 121, 131, 132, 134, 135, 136, 137, 138, 139, 140, 142, 162, 163, 165, 167, 176, 177, 179, 183, 187, 207, 208, 209, 211, 212, 214, 215, 218, 219, 221, 225, 226, 228, 229, 230, 231, 232, 236, 254, 255, 256, 257, 258, 260, 269, 274, 279, 284], "excluded_lines": [], "functions": {"tool": {"executed_lines": [], "summary": {"covered_lines": 0, "num_statements": 2, "percent_covered": 0.0, "percent_covered_display": "0", "missing_lines": 2, "excluded_lines": 0}, "missing_lines": [45, 70], "excluded_lines": []}, "tool.decorator": {"executed_lines": [], "summary": {"covered_lines": 0, "num_statements": 7, "percent_covered": 0.0, "percent_covered_display": "0", "missing_lines": 7, "excluded_lines": 0}, "missing_lines": [46, 47, 50, 51, 53, 60, 68], "excluded_lines": []}, "_generate_schema_from_function": {"executed_lines": [], "summary": {"covered_lines": 0, "num_statements": 11, "percent_covered": 0.0, "percent_covered_display": "0", "missing_lines": 11, "excluded_lines": 0}, "missing_lines": [83, 84, 86, 87, 89, 90, 93, 95, 101, 102, 104], "excluded_lines": []}, "_python_type_to_json_type": {"executed_lines": [], "summary": {"covered_lines": 0, "num_statements": 11, "percent_covered": 0.0, "percent_covered_display": "0", "missing_lines": 11, "excluded_lines": 0}, "missing_lines": [121, 131, 132, 134, 135, 136, 137, 138, 139, 140, 142], "excluded_lines": []}, "ToolRegistry.__init__": {"executed_lines": [149, 150], "summary": {"covered_lines": 2, "num_statements": 2, "percent_covered": 100.0, "percent_covered_display": "100", "missing_lines": 0, "excluded_lines": 0}, "missing_lines": [], "excluded_lines": []}, "ToolRegistry.register_tool": {"executed_lines": [], "summary": {"covered_lines": 0, "num_statements": 7, "percent_covered": 0.0, "percent_covered_display": "0", "missing_lines": 7, "excluded_lines": 0}, "missing_lines": [162, 163, 165, 167, 176, 177, 179], "excluded_lines": []}, "ToolRegistry.get_tool": {"executed_lines": [], "summary": {"covered_lines": 0, "num_statements": 1, "percent_covered": 0.0, "percent_covered_display": "0", "missing_lines": 1, "excluded_lines": 0}, "missing_lines": [183], "excluded_lines": []}, "ToolRegistry.list_tools": {"executed_lines": [], "summary": {"covered_lines": 0, "num_statements": 1, "percent_covered": 0.0, "percent_covered_display": "0", "missing_lines": 1, "excluded_lines": 0}, "missing_lines": [187], "excluded_lines": []}, "ToolRegistry.call_tool": {"executed_lines": [], "summary": {"covered_lines": 0, "num_statements": 17, "percent_covered": 0.0, "percent_covered_display": "0", "missing_lines": 17, "excluded_lines": 0}, "missing_lines": [207, 208, 209, 211, 212, 214, 215, 218, 219, 221, 225, 226, 228, 229, 230, 231, 232], "excluded_lines": []}, "ToolRegistry.get_tool_stats": {"executed_lines": [], "summary": {"covered_lines": 0, "num_statements": 1, "percent_covered": 0.0, "percent_covered_display": "0", "missing_lines": 1, "excluded_lines": 0}, "missing_lines": [236], "excluded_lines": []}, "ToolRegistry.reset_stats": {"executed_lines": [], "summary": {"covered_lines": 0, "num_statements": 6, "percent_covered": 0.0, "percent_covered_display": "0", "missing_lines": 6, "excluded_lines": 0}, "missing_lines": [254, 255, 256, 257, 258, 260], "excluded_lines": []}, "get_global_registry": {"executed_lines": [], "summary": {"covered_lines": 0, "num_statements": 1, "percent_covered": 0.0, "percent_covered_display": "0", "missing_lines": 1, "excluded_lines": 0}, "missing_lines": [269], "excluded_lines": []}, "register_tool_function": {"executed_lines": [], "summary": {"covered_lines": 0, "num_statements": 1, "percent_covered": 0.0, "percent_covered_display": "0", "missing_lines": 1, "excluded_lines": 0}, "missing_lines": [274], "excluded_lines": []}, "get_all_tools": {"executed_lines": [], "summary": {"covered_lines": 0, "num_statements": 1, "percent_covered": 0.0, "percent_covered_display": "0", "missing_lines": 1, "excluded_lines": 0}, "missing_lines": [279], "excluded_lines": []}, "call_global_tool": {"executed_lines": [], "summary": {"covered_lines": 0, "num_statements": 1, "percent_covered": 0.0, "percent_covered_display": "0", "missing_lines": 1, "excluded_lines": 0}, "missing_lines": [284], "excluded_lines": []}, "": {"executed_lines": [1, 6, 7, 8, 9, 10, 11, 12, 15, 16, 17, 18, 19, 20, 21, 22, 23, 24, 25, 26, 27, 30, 73, 111, 145, 146, 148, 152, 181, 185, 196, 234, 252, 264, 267, 272, 277, 282], "summary": {"covered_lines": 35, "num_statements": 35, "percent_covered": 100.0, "percent_covered_display": "100", "missing_lines": 0, "excluded_lines": 0}, "missing_lines": [], "excluded_lines": []}}, "classes": {"MCPTool": {"executed_lines": [], "summary": {"covered_lines": 0, "num_statements": 0, "percent_covered": 100.0, "percent_covered_display": "100", "missing_lines": 0, "excluded_lines": 0}, "missing_lines": [], "excluded_lines": []}, "ToolRegistry": {"executed_lines": [149, 150], "summary": {"covered_lines": 2, "num_statements": 35, "percent_covered": 5.714285714285714, "percent_covered_display": "6", "missing_lines": 33, "excluded_lines": 0}, "missing_lines": [162, 163, 165, 167, 176, 177, 179, 183, 187, 207, 208, 209, 211, 212, 214, 215, 218, 219, 221, 225, 226, 228, 229, 230, 231, 232, 236, 254, 255, 256, 257, 258, 260], "excluded_lines": []}, "": {"executed_lines": [1, 6, 7, 8, 9, 10, 11, 12, 15, 16, 17, 18, 19, 20, 21, 22, 23, 24, 25, 26, 27, 30, 73, 111, 145, 146, 148, 152, 181, 185, 196, 234, 252, 264, 267, 272, 277, 282], "summary": {"covered_lines": 35, "num_statements": 70, "percent_covered": 50.0, "percent_covered_display": "50", "missing_lines": 35, "excluded_lines": 0}, "missing_lines": [45, 46, 47, 50, 51, 53, 60, 68, 70, 83, 84, 86, 87, 89, 90, 93, 95, 101, 102, 104, 121, 131, 132, 134, 135, 136, 137, 138, 139, 140, 142, 269, 274, 279, 284], "excluded_lines": []}}}, "mcp_servers/__init__.py": {"executed_lines": [1, 6, 7, 8, 9, 10, 11, 12, 13, 14, 15, 16, 17, 18, 19, 20, 22, 23, 42, 60, 64, 68], "summary": {"covered_lines": 21, "num_statements": 24, "percent_covered": 87.5, "percent_covered_display": "88", "missing_lines": 3, "excluded_lines": 0}, "missing_lines": [62, 66, 70], "excluded_lines": [], "functions": {"get_server_class": {"executed_lines": [], "summary": {"covered_lines": 0, "num_statements": 1, "percent_covered": 0.0, "percent_covered_display": "0", "missing_lines": 1, "excluded_lines": 0}, "missing_lines": [62], "excluded_lines": []}, "list_available_servers": {"executed_lines": [], "summary": {"covered_lines": 0, "num_statements": 1, "percent_covered": 0.0, "percent_covered_display": "0", "missing_lines": 1, "excluded_lines": 0}, "missing_lines": [66], "excluded_lines": []}, "get_server_info": {"executed_lines": [], "summary": {"covered_lines": 0, "num_statements": 1, "percent_covered": 0.0, "percent_covered_display": "0", "missing_lines": 1, "excluded_lines": 0}, "missing_lines": [70], "excluded_lines": []}, "": {"executed_lines": [1, 6, 7, 8, 9, 10, 11, 12, 13, 14, 15, 16, 17, 18, 19, 20, 22, 23, 42, 60, 64, 68], "summary": {"covered_lines": 21, "num_statements": 21, "percent_covered": 100.0, "percent_covered_display": "100", "missing_lines": 0, "excluded_lines": 0}, "missing_lines": [], "excluded_lines": []}}, "classes": {"": {"executed_lines": [1, 6, 7, 8, 9, 10, 11, 12, 13, 14, 15, 16, 17, 18, 19, 20, 22, 23, 42, 60, 64, 68], "summary": {"covered_lines": 21, "num_statements": 24, "percent_covered": 87.5, "percent_covered_display": "88", "missing_lines": 3, "excluded_lines": 0}, "missing_lines": [62, 66, 70], "excluded_lines": []}}}, "mcp_servers/bayes_mcp.py": {"executed_lines": [2, 7, 8, 9, 10, 11, 12, 13, 14, 15, 18, 19, 21, 22, 28, 29, 34, 35, 50, 51, 71, 72, 74, 75, 111, 112, 114, 129, 311, 347, 366, 384, 398, 422, 439, 479, 495, 512, 518], "summary": {"covered_lines": 35, "num_statements": 144, "percent_covered": 24.305555555555557, "percent_covered_display": "24", "missing_lines": 109, "excluded_lines": 0}, "missing_lines": [24, 25, 26, 31, 32, 37, 38, 39, 40, 41, 43, 53, 54, 57, 58, 59, 61, 77, 80, 81, 83, 89, 90, 91, 98, 115, 116, 117, 118, 121, 122, 123, 125, 126, 127, 131, 313, 315, 316, 317, 318, 319, 320, 321, 322, 323, 324, 325, 326, 327, 328, 330, 332, 337, 338, 349, 350, 351, 353, 355, 368, 369, 370, 372, 374, 386, 387, 388, 389, 391, 393, 400, 401, 402, 403, 405, 407, 424, 425, 427, 428, 430, 432, 441, 442, 443, 446, 447, 448, 451, 452, 455, 456, 457, 458, 459, 460, 461, 462, 463, 464, 466, 468, 481, 497, 498, 514, 515, 519], "excluded_lines": [], "functions": {"BayesianCalculator.bayes_theorem": {"executed_lines": [], "summary": {"covered_lines": 0, "num_statements": 3, "percent_covered": 0.0, "percent_covered_display": "0", "missing_lines": 3, "excluded_lines": 0}, "missing_lines": [24, 25, 26], "excluded_lines": []}, "BayesianCalculator.update_belief": {"executed_lines": [], "summary": {"covered_lines": 0, "num_statements": 2, "percent_covered": 0.0, "percent_covered_display": "0", "missing_lines": 2, "excluded_lines": 0}, "missing_lines": [31, 32], "excluded_lines": []}, "BayesianCalculator.calculate_credible_interval": {"executed_lines": [], "summary": {"covered_lines": 0, "num_statements": 6, "percent_covered": 0.0, "percent_covered_display": "0", "missing_lines": 6, "excluded_lines": 0}, "missing_lines": [37, 38, 39, 40, 41, 43], "excluded_lines": []}, "BayesianCalculator.binomial_beta_update": {"executed_lines": [], "summary": {"covered_lines": 0, "num_statements": 6, "percent_covered": 0.0, "percent_covered_display": "0", "missing_lines": 6, "excluded_lines": 0}, "missing_lines": [53, 54, 57, 58, 59, 61], "excluded_lines": []}, "MockMCMCSampler.sample": {"executed_lines": [], "summary": {"covered_lines": 0, "num_statements": 8, "percent_covered": 0.0, "percent_covered_display": "0", "missing_lines": 8, "excluded_lines": 0}, "missing_lines": [77, 80, 81, 83, 89, 90, 91, 98], "excluded_lines": []}, "BayesMCPServer.__init__": {"executed_lines": [], "summary": {"covered_lines": 0, "num_statements": 8, "percent_covered": 0.0, "percent_covered_display": "0", "missing_lines": 8, "excluded_lines": 0}, "missing_lines": [115, 116, 117, 118, 121, 122, 125, 126], "excluded_lines": []}, "BayesMCPServer.__init__.handle_list_tools": {"executed_lines": [], "summary": {"covered_lines": 0, "num_statements": 1, "percent_covered": 0.0, "percent_covered_display": "0", "missing_lines": 1, "excluded_lines": 0}, "missing_lines": [123], "excluded_lines": []}, "BayesMCPServer.__init__.handle_call_tool": {"executed_lines": [], "summary": {"covered_lines": 0, "num_statements": 1, "percent_covered": 0.0, "percent_covered_display": "0", "missing_lines": 1, "excluded_lines": 0}, "missing_lines": [127], "excluded_lines": []}, "BayesMCPServer._get_tools": {"executed_lines": [], "summary": {"covered_lines": 0, "num_statements": 1, "percent_covered": 0.0, "percent_covered_display": "0", "missing_lines": 1, "excluded_lines": 0}, "missing_lines": [131], "excluded_lines": []}, "BayesMCPServer._handle_tool_call": {"executed_lines": [], "summary": {"covered_lines": 0, "num_statements": 19, "percent_covered": 0.0, "percent_covered_display": "0", "missing_lines": 19, "excluded_lines": 0}, "missing_lines": [313, 315, 316, 317, 318, 319, 320, 321, 322, 323, 324, 325, 326, 327, 328, 330, 332, 337, 338], "excluded_lines": []}, "BayesMCPServer._calculate_posterior": {"executed_lines": [], "summary": {"covered_lines": 0, "num_statements": 5, "percent_covered": 0.0, "percent_covered_display": "0", "missing_lines": 5, "excluded_lines": 0}, "missing_lines": [349, 350, 351, 353, 355], "excluded_lines": []}, "BayesMCPServer._update_belief": {"executed_lines": [], "summary": {"covered_lines": 0, "num_statements": 5, "percent_covered": 0.0, "percent_covered_display": "0", "missing_lines": 5, "excluded_lines": 0}, "missing_lines": [368, 369, 370, 372, 374], "excluded_lines": []}, "BayesMCPServer._mcmc_sample": {"executed_lines": [], "summary": {"covered_lines": 0, "num_statements": 6, "percent_covered": 0.0, "percent_covered_display": "0", "missing_lines": 6, "excluded_lines": 0}, "missing_lines": [386, 387, 388, 389, 391, 393], "excluded_lines": []}, "BayesMCPServer._beta_binomial_update": {"executed_lines": [], "summary": {"covered_lines": 0, "num_statements": 6, "percent_covered": 0.0, "percent_covered_display": "0", "missing_lines": 6, "excluded_lines": 0}, "missing_lines": [400, 401, 402, 403, 405, 407], "excluded_lines": []}, "BayesMCPServer._credible_interval": {"executed_lines": [], "summary": {"covered_lines": 0, "num_statements": 6, "percent_covered": 0.0, "percent_covered_display": "0", "missing_lines": 6, "excluded_lines": 0}, "missing_lines": [424, 425, 427, 428, 430, 432], "excluded_lines": []}, "BayesMCPServer._hypothesis_test": {"executed_lines": [], "summary": {"covered_lines": 0, "num_statements": 20, "percent_covered": 0.0, "percent_covered_display": "0", "missing_lines": 20, "excluded_lines": 0}, "missing_lines": [441, 442, 443, 446, 447, 448, 451, 452, 455, 456, 457, 458, 459, 460, 461, 462, 463, 464, 466, 468], "excluded_lines": []}, "BayesMCPServer._health_check": {"executed_lines": [], "summary": {"covered_lines": 0, "num_statements": 1, "percent_covered": 0.0, "percent_covered_display": "0", "missing_lines": 1, "excluded_lines": 0}, "missing_lines": [481], "excluded_lines": []}, "BayesMCPServer.run": {"executed_lines": [], "summary": {"covered_lines": 0, "num_statements": 2, "percent_covered": 0.0, "percent_covered_display": "0", "missing_lines": 2, "excluded_lines": 0}, "missing_lines": [497, 498], "excluded_lines": []}, "main": {"executed_lines": [], "summary": {"covered_lines": 0, "num_statements": 2, "percent_covered": 0.0, "percent_covered_display": "0", "missing_lines": 2, "excluded_lines": 0}, "missing_lines": [514, 515], "excluded_lines": []}, "": {"executed_lines": [2, 7, 8, 9, 10, 11, 12, 13, 14, 15, 18, 19, 21, 22, 28, 29, 34, 35, 50, 51, 71, 72, 74, 75, 111, 112, 114, 129, 311, 347, 366, 384, 398, 422, 439, 479, 495, 512, 518], "summary": {"covered_lines": 35, "num_statements": 36, "percent_covered": 97.22222222222223, "percent_covered_display": "97", "missing_lines": 1, "excluded_lines": 0}, "missing_lines": [519], "excluded_lines": []}}, "classes": {"BayesianCalculator": {"executed_lines": [], "summary": {"covered_lines": 0, "num_statements": 17, "percent_covered": 0.0, "percent_covered_display": "0", "missing_lines": 17, "excluded_lines": 0}, "missing_lines": [24, 25, 26, 31, 32, 37, 38, 39, 40, 41, 43, 53, 54, 57, 58, 59, 61], "excluded_lines": []}, "MockMCMCSampler": {"executed_lines": [], "summary": {"covered_lines": 0, "num_statements": 8, "percent_covered": 0.0, "percent_covered_display": "0", "missing_lines": 8, "excluded_lines": 0}, "missing_lines": [77, 80, 81, 83, 89, 90, 91, 98], "excluded_lines": []}, "BayesMCPServer": {"executed_lines": [], "summary": {"covered_lines": 0, "num_statements": 81, "percent_covered": 0.0, "percent_covered_display": "0", "missing_lines": 81, "excluded_lines": 0}, "missing_lines": [115, 116, 117, 118, 121, 122, 123, 125, 126, 127, 131, 313, 315, 316, 317, 318, 319, 320, 321, 322, 323, 324, 325, 326, 327, 328, 330, 332, 337, 338, 349, 350, 351, 353, 355, 368, 369, 370, 372, 374, 386, 387, 388, 389, 391, 393, 400, 401, 402, 403, 405, 407, 424, 425, 427, 428, 430, 432, 441, 442, 443, 446, 447, 448, 451, 452, 455, 456, 457, 458, 459, 460, 461, 462, 463, 464, 466, 468, 481, 497, 498], "excluded_lines": []}, "": {"executed_lines": [2, 7, 8, 9, 10, 11, 12, 13, 14, 15, 18, 19, 21, 22, 28, 29, 34, 35, 50, 51, 71, 72, 74, 75, 111, 112, 114, 129, 311, 347, 366, 384, 398, 422, 439, 479, 495, 512, 518], "summary": {"covered_lines": 35, "num_statements": 38, "percent_covered": 92.10526315789474, "percent_covered_display": "92", "missing_lines": 3, "excluded_lines": 0}, "missing_lines": [514, 515, 519], "excluded_lines": []}}}, "mcp_servers/context7_mcp.py": {"executed_lines": [2, 7, 8, 9, 10, 11, 12, 13, 14, 17, 19, 20, 22, 23, 24, 25, 26, 36, 37, 38, 39, 40, 41, 42, 43, 44, 47, 48, 60, 72, 95, 99, 123, 144, 160, 178, 589, 593, 602, 608], "summary": {"covered_lines": 37, "num_statements": 273, "percent_covered": 13.553113553113553, "percent_covered_display": "14", "missing_lines": 236, "excluded_lines": 0}, "missing_lines": [27, 28, 29, 30, 31, 32, 33, 61, 63, 64, 65, 66, 67, 68, 69, 70, 74, 75, 76, 78, 80, 82, 83, 85, 87, 88, 90, 92, 93, 97, 101, 102, 104, 105, 116, 117, 118, 119, 120, 121, 125, 126, 128, 129, 130, 132, 133, 134, 136, 137, 139, 140, 141, 142, 146, 147, 149, 150, 155, 156, 157, 158, 162, 163, 165, 166, 170, 171, 172, 173, 174, 175, 176, 181, 195, 198, 199, 200, 203, 205, 216, 217, 219, 222, 224, 234, 235, 236, 238, 252, 255, 257, 259, 261, 263, 264, 265, 266, 267, 268, 270, 271, 272, 273, 274, 277, 278, 279, 282, 283, 284, 287, 289, 290, 300, 301, 303, 311, 312, 313, 315, 326, 328, 330, 331, 333, 334, 344, 355, 356, 358, 359, 361, 363, 373, 375, 376, 377, 379, 390, 392, 394, 395, 398, 399, 404, 409, 411, 412, 413, 415, 428, 431, 433, 434, 436, 438, 439, 441, 443, 444, 446, 448, 449, 450, 452, 453, 454, 455, 456, 458, 459, 460, 461, 463, 464, 466, 467, 476, 477, 479, 486, 487, 488, 490, 501, 503, 504, 506, 507, 508, 509, 510, 511, 512, 514, 515, 516, 517, 518, 521, 522, 523, 525, 535, 536, 538, 545, 546, 547, 549, 557, 559, 560, 561, 562, 564, 565, 566, 567, 568, 570, 571, 572, 574, 585, 586, 587, 591, 595, 596, 598, 599, 604, 605, 609], "excluded_lines": [], "functions": {"Context7MCP.__init__": {"executed_lines": [], "summary": {"covered_lines": 0, "num_statements": 9, "percent_covered": 0.0, "percent_covered_display": "0", "missing_lines": 9, "excluded_lines": 0}, "missing_lines": [61, 63, 64, 65, 66, 67, 68, 69, 70], "excluded_lines": []}, "Context7MCP._initialize_client": {"executed_lines": [], "summary": {"covered_lines": 0, "num_statements": 13, "percent_covered": 0.0, "percent_covered_display": "0", "missing_lines": 13, "excluded_lines": 0}, "missing_lines": [74, 75, 76, 78, 80, 82, 83, 85, 87, 88, 90, 92, 93], "excluded_lines": []}, "Context7MCP._generate_id": {"executed_lines": [], "summary": {"covered_lines": 0, "num_statements": 1, "percent_covered": 0.0, "percent_covered_display": "0", "missing_lines": 1, "excluded_lines": 0}, "missing_lines": [97], "excluded_lines": []}, "Context7MCP._generate_embedding": {"executed_lines": [], "summary": {"covered_lines": 0, "num_statements": 10, "percent_covered": 0.0, "percent_covered_display": "0", "missing_lines": 10, "excluded_lines": 0}, "missing_lines": [101, 102, 104, 105, 116, 117, 118, 119, 120, 121], "excluded_lines": []}, "Context7MCP._calculate_similarity": {"executed_lines": [], "summary": {"covered_lines": 0, "num_statements": 14, "percent_covered": 0.0, "percent_covered_display": "0", "missing_lines": 14, "excluded_lines": 0}, "missing_lines": [125, 126, 128, 129, 130, 132, 133, 134, 136, 137, 139, 140, 141, 142], "excluded_lines": []}, "Context7MCP._store_in_redis": {"executed_lines": [], "summary": {"covered_lines": 0, "num_statements": 8, "percent_covered": 0.0, "percent_covered_display": "0", "missing_lines": 8, "excluded_lines": 0}, "missing_lines": [146, 147, 149, 150, 155, 156, 157, 158], "excluded_lines": []}, "Context7MCP._get_from_redis": {"executed_lines": [], "summary": {"covered_lines": 0, "num_statements": 11, "percent_covered": 0.0, "percent_covered_display": "0", "missing_lines": 11, "excluded_lines": 0}, "missing_lines": [162, 163, 165, 166, 170, 171, 172, 173, 174, 175, 176], "excluded_lines": []}, "Context7MCP._setup_tools": {"executed_lines": [], "summary": {"covered_lines": 0, "num_statements": 14, "percent_covered": 0.0, "percent_covered_display": "0", "missing_lines": 14, "excluded_lines": 0}, "missing_lines": [181, 195, 238, 252, 315, 326, 379, 390, 415, 428, 490, 501, 549, 557], "excluded_lines": []}, "Context7MCP._setup_tools.store_context": {"executed_lines": [], "summary": {"covered_lines": 0, "num_statements": 13, "percent_covered": 0.0, "percent_covered_display": "0", "missing_lines": 13, "excluded_lines": 0}, "missing_lines": [198, 199, 200, 203, 205, 216, 217, 219, 222, 224, 234, 235, 236], "excluded_lines": []}, "Context7MCP._setup_tools.search_contexts": {"executed_lines": [], "summary": {"covered_lines": 0, "num_statements": 30, "percent_covered": 0.0, "percent_covered_display": "0", "missing_lines": 30, "excluded_lines": 0}, "missing_lines": [255, 257, 259, 261, 263, 264, 265, 266, 267, 268, 270, 271, 272, 273, 274, 277, 278, 279, 282, 283, 284, 287, 289, 290, 300, 301, 303, 311, 312, 313], "excluded_lines": []}, "Context7MCP._setup_tools.get_context": {"executed_lines": [], "summary": {"covered_lines": 0, "num_statements": 16, "percent_covered": 0.0, "percent_covered_display": "0", "missing_lines": 16, "excluded_lines": 0}, "missing_lines": [328, 330, 331, 333, 334, 344, 355, 356, 358, 359, 361, 363, 373, 375, 376, 377], "excluded_lines": []}, "Context7MCP._setup_tools.delete_context": {"executed_lines": [], "summary": {"covered_lines": 0, "num_statements": 10, "percent_covered": 0.0, "percent_covered_display": "0", "missing_lines": 10, "excluded_lines": 0}, "missing_lines": [392, 394, 395, 398, 399, 404, 409, 411, 412, 413], "excluded_lines": []}, "Context7MCP._setup_tools.find_similar_contexts": {"executed_lines": [], "summary": {"covered_lines": 0, "num_statements": 32, "percent_covered": 0.0, "percent_covered_display": "0", "missing_lines": 32, "excluded_lines": 0}, "missing_lines": [431, 433, 434, 436, 438, 439, 441, 443, 444, 446, 448, 449, 450, 452, 453, 454, 455, 456, 458, 459, 460, 461, 463, 464, 466, 467, 476, 477, 479, 486, 487, 488], "excluded_lines": []}, "Context7MCP._setup_tools.list_contexts": {"executed_lines": [], "summary": {"covered_lines": 0, "num_statements": 24, "percent_covered": 0.0, "percent_covered_display": "0", "missing_lines": 24, "excluded_lines": 0}, "missing_lines": [503, 504, 506, 507, 508, 509, 510, 511, 512, 514, 515, 516, 517, 518, 521, 522, 523, 525, 535, 536, 538, 545, 546, 547], "excluded_lines": []}, "Context7MCP._setup_tools.get_context_stats": {"executed_lines": [], "summary": {"covered_lines": 0, "num_statements": 16, "percent_covered": 0.0, "percent_covered_display": "0", "missing_lines": 16, "excluded_lines": 0}, "missing_lines": [559, 560, 561, 562, 564, 565, 566, 567, 568, 570, 571, 572, 574, 585, 586, 587], "excluded_lines": []}, "Context7MCP._check_client": {"executed_lines": [], "summary": {"covered_lines": 0, "num_statements": 1, "percent_covered": 0.0, "percent_covered_display": "0", "missing_lines": 1, "excluded_lines": 0}, "missing_lines": [591], "excluded_lines": []}, "Context7MCP.run": {"executed_lines": [], "summary": {"covered_lines": 0, "num_statements": 4, "percent_covered": 0.0, "percent_covered_display": "0", "missing_lines": 4, "excluded_lines": 0}, "missing_lines": [595, 596, 598, 599], "excluded_lines": []}, "main": {"executed_lines": [], "summary": {"covered_lines": 0, "num_statements": 2, "percent_covered": 0.0, "percent_covered_display": "0", "missing_lines": 2, "excluded_lines": 0}, "missing_lines": [604, 605], "excluded_lines": []}, "": {"executed_lines": [2, 7, 8, 9, 10, 11, 12, 13, 14, 17, 19, 20, 22, 23, 24, 25, 26, 36, 37, 38, 39, 40, 41, 42, 43, 44, 47, 48, 60, 72, 95, 99, 123, 144, 160, 178, 589, 593, 602, 608], "summary": {"covered_lines": 37, "num_statements": 45, "percent_covered": 82.22222222222223, "percent_covered_display": "82", "missing_lines": 8, "excluded_lines": 0}, "missing_lines": [27, 28, 29, 30, 31, 32, 33, 609], "excluded_lines": []}}, "classes": {"ContextEntry": {"executed_lines": [], "summary": {"covered_lines": 0, "num_statements": 0, "percent_covered": 100.0, "percent_covered_display": "100", "missing_lines": 0, "excluded_lines": 0}, "missing_lines": [], "excluded_lines": []}, "Context7MCP": {"executed_lines": [], "summary": {"covered_lines": 0, "num_statements": 226, "percent_covered": 0.0, "percent_covered_display": "0", "missing_lines": 226, "excluded_lines": 0}, "missing_lines": [61, 63, 64, 65, 66, 67, 68, 69, 70, 74, 75, 76, 78, 80, 82, 83, 85, 87, 88, 90, 92, 93, 97, 101, 102, 104, 105, 116, 117, 118, 119, 120, 121, 125, 126, 128, 129, 130, 132, 133, 134, 136, 137, 139, 140, 141, 142, 146, 147, 149, 150, 155, 156, 157, 158, 162, 163, 165, 166, 170, 171, 172, 173, 174, 175, 176, 181, 195, 198, 199, 200, 203, 205, 216, 217, 219, 222, 224, 234, 235, 236, 238, 252, 255, 257, 259, 261, 263, 264, 265, 266, 267, 268, 270, 271, 272, 273, 274, 277, 278, 279, 282, 283, 284, 287, 289, 290, 300, 301, 303, 311, 312, 313, 315, 326, 328, 330, 331, 333, 334, 344, 355, 356, 358, 359, 361, 363, 373, 375, 376, 377, 379, 390, 392, 394, 395, 398, 399, 404, 409, 411, 412, 413, 415, 428, 431, 433, 434, 436, 438, 439, 441, 443, 444, 446, 448, 449, 450, 452, 453, 454, 455, 456, 458, 459, 460, 461, 463, 464, 466, 467, 476, 477, 479, 486, 487, 488, 490, 501, 503, 504, 506, 507, 508, 509, 510, 511, 512, 514, 515, 516, 517, 518, 521, 522, 523, 525, 535, 536, 538, 545, 546, 547, 549, 557, 559, 560, 561, 562, 564, 565, 566, 567, 568, 570, 571, 572, 574, 585, 586, 587, 591, 595, 596, 598, 599], "excluded_lines": []}, "": {"executed_lines": [2, 7, 8, 9, 10, 11, 12, 13, 14, 17, 19, 20, 22, 23, 24, 25, 26, 36, 37, 38, 39, 40, 41, 42, 43, 44, 47, 48, 60, 72, 95, 99, 123, 144, 160, 178, 589, 593, 602, 608], "summary": {"covered_lines": 37, "num_statements": 47, "percent_covered": 78.72340425531915, "percent_covered_display": "79", "missing_lines": 10, "excluded_lines": 0}, "missing_lines": [27, 28, 29, 30, 31, 32, 33, 604, 605, 609], "excluded_lines": []}}}, "mcp_servers/crawl4ai_mcp.py": {"executed_lines": [2, 7, 8, 9, 10, 11, 12, 13, 14, 15, 16, 19, 21, 22, 24, 25, 26, 30, 31, 32, 33, 34, 35, 36, 37, 38, 41, 42, 43, 44, 45, 46, 47, 48, 49, 50, 51, 54, 55, 68, 82, 109, 119, 221, 225, 247, 278, 683, 687, 696, 702], "summary": {"covered_lines": 48, "num_statements": 342, "percent_covered": 14.035087719298245, "percent_covered_display": "14", "missing_lines": 294, "excluded_lines": 0}, "missing_lines": [27, 28, 29, 69, 71, 73, 74, 75, 76, 77, 78, 79, 80, 84, 85, 86, 88, 90, 93, 105, 106, 107, 111, 112, 113, 114, 115, 116, 117, 121, 122, 130, 131, 134, 135, 138, 139, 142, 147, 148, 149, 150, 151, 152, 154, 156, 157, 158, 160, 163, 164, 167, 168, 169, 170, 171, 172, 175, 176, 177, 178, 179, 180, 183, 186, 187, 188, 191, 192, 193, 196, 197, 198, 199, 200, 201, 203, 211, 212, 213, 223, 227, 228, 229, 231, 232, 234, 236, 237, 238, 240, 241, 243, 244, 245, 249, 250, 251, 253, 254, 256, 257, 259, 260, 261, 263, 264, 266, 267, 269, 271, 272, 274, 275, 276, 281, 295, 298, 299, 301, 302, 305, 306, 307, 308, 309, 310, 312, 315, 318, 319, 322, 323, 324, 327, 328, 330, 331, 332, 333, 336, 348, 349, 351, 354, 356, 362, 363, 364, 365, 366, 367, 368, 369, 371, 384, 386, 387, 389, 390, 392, 393, 394, 395, 397, 398, 400, 401, 402, 404, 405, 406, 407, 412, 413, 415, 416, 418, 426, 427, 428, 430, 443, 445, 446, 448, 449, 451, 453, 454, 455, 456, 459, 461, 468, 469, 470, 472, 486, 489, 490, 492, 493, 495, 496, 497, 499, 500, 503, 504, 505, 507, 508, 511, 513, 514, 515, 516, 518, 520, 521, 529, 530, 537, 538, 540, 542, 551, 552, 553, 555, 568, 570, 571, 572, 575, 577, 578, 579, 580, 582, 583, 584, 585, 587, 588, 589, 591, 593, 595, 596, 597, 598, 599, 600, 603, 604, 605, 607, 612, 615, 616, 618, 619, 627, 629, 637, 638, 639, 641, 649, 651, 652, 653, 654, 656, 657, 660, 661, 662, 663, 664, 666, 679, 680, 681, 685, 689, 690, 692, 693, 698, 699, 703], "excluded_lines": [], "functions": {"Crawl4AIMCP.__init__": {"executed_lines": [], "summary": {"covered_lines": 0, "num_statements": 10, "percent_covered": 0.0, "percent_covered_display": "0", "missing_lines": 10, "excluded_lines": 0}, "missing_lines": [69, 71, 73, 74, 75, 76, 77, 78, 79, 80], "excluded_lines": []}, "Crawl4AIMCP._initialize_client": {"executed_lines": [], "summary": {"covered_lines": 0, "num_statements": 9, "percent_covered": 0.0, "percent_covered_display": "0", "missing_lines": 9, "excluded_lines": 0}, "missing_lines": [84, 85, 86, 88, 90, 93, 105, 106, 107], "excluded_lines": []}, "Crawl4AIMCP._clean_url": {"executed_lines": [], "summary": {"covered_lines": 0, "num_statements": 7, "percent_covered": 0.0, "percent_covered_display": "0", "missing_lines": 7, "excluded_lines": 0}, "missing_lines": [111, 112, 113, 114, 115, 116, 117], "excluded_lines": []}, "Crawl4AIMCP._extract_content": {"executed_lines": [], "summary": {"covered_lines": 0, "num_statements": 51, "percent_covered": 0.0, "percent_covered_display": "0", "missing_lines": 51, "excluded_lines": 0}, "missing_lines": [121, 122, 130, 131, 134, 135, 138, 139, 142, 147, 148, 149, 150, 151, 152, 154, 156, 157, 158, 160, 163, 164, 167, 168, 169, 170, 171, 172, 175, 176, 177, 178, 179, 180, 183, 186, 187, 188, 191, 192, 193, 196, 197, 198, 199, 200, 201, 203, 211, 212, 213], "excluded_lines": []}, "Crawl4AIMCP._generate_cache_key": {"executed_lines": [], "summary": {"covered_lines": 0, "num_statements": 1, "percent_covered": 0.0, "percent_covered_display": "0", "missing_lines": 1, "excluded_lines": 0}, "missing_lines": [223], "excluded_lines": []}, "Crawl4AIMCP._save_to_cache": {"executed_lines": [], "summary": {"covered_lines": 0, "num_statements": 14, "percent_covered": 0.0, "percent_covered_display": "0", "missing_lines": 14, "excluded_lines": 0}, "missing_lines": [227, 228, 229, 231, 232, 234, 236, 237, 238, 240, 241, 243, 244, 245], "excluded_lines": []}, "Crawl4AIMCP._load_from_cache": {"executed_lines": [], "summary": {"covered_lines": 0, "num_statements": 20, "percent_covered": 0.0, "percent_covered_display": "0", "missing_lines": 20, "excluded_lines": 0}, "missing_lines": [249, 250, 251, 253, 254, 256, 257, 259, 260, 261, 263, 264, 266, 267, 269, 271, 272, 274, 275, 276], "excluded_lines": []}, "Crawl4AIMCP._setup_tools": {"executed_lines": [], "summary": {"covered_lines": 0, "num_statements": 12, "percent_covered": 0.0, "percent_covered_display": "0", "missing_lines": 12, "excluded_lines": 0}, "missing_lines": [281, 295, 371, 384, 430, 443, 472, 486, 555, 568, 641, 649], "excluded_lines": []}, "Crawl4AIMCP._setup_tools.crawl_url": {"executed_lines": [], "summary": {"covered_lines": 0, "num_statements": 37, "percent_covered": 0.0, "percent_covered_display": "0", "missing_lines": 37, "excluded_lines": 0}, "missing_lines": [298, 299, 301, 302, 305, 306, 307, 308, 309, 310, 312, 315, 318, 319, 322, 323, 324, 327, 328, 330, 331, 332, 333, 336, 348, 349, 351, 354, 356, 362, 363, 364, 365, 366, 367, 368, 369], "excluded_lines": []}, "Crawl4AIMCP._setup_tools.crawl_multiple_urls": {"executed_lines": [], "summary": {"covered_lines": 0, "num_statements": 22, "percent_covered": 0.0, "percent_covered_display": "0", "missing_lines": 22, "excluded_lines": 0}, "missing_lines": [386, 387, 389, 390, 392, 397, 398, 400, 401, 402, 404, 405, 406, 407, 412, 413, 415, 416, 418, 426, 427, 428], "excluded_lines": []}, "Crawl4AIMCP._setup_tools.crawl_multiple_urls.crawl_with_semaphore": {"executed_lines": [], "summary": {"covered_lines": 0, "num_statements": 3, "percent_covered": 0.0, "percent_covered_display": "0", "missing_lines": 3, "excluded_lines": 0}, "missing_lines": [393, 394, 395], "excluded_lines": []}, "Crawl4AIMCP._setup_tools.extract_links_from_page": {"executed_lines": [], "summary": {"covered_lines": 0, "num_statements": 14, "percent_covered": 0.0, "percent_covered_display": "0", "missing_lines": 14, "excluded_lines": 0}, "missing_lines": [445, 446, 448, 449, 451, 453, 454, 455, 456, 459, 461, 468, 469, 470], "excluded_lines": []}, "Crawl4AIMCP._setup_tools.chunk_content_for_rag": {"executed_lines": [], "summary": {"covered_lines": 0, "num_statements": 31, "percent_covered": 0.0, "percent_covered_display": "0", "missing_lines": 31, "excluded_lines": 0}, "missing_lines": [489, 490, 492, 493, 495, 496, 497, 499, 500, 503, 504, 505, 507, 508, 511, 513, 514, 515, 516, 518, 520, 521, 529, 530, 537, 538, 540, 542, 551, 552, 553], "excluded_lines": []}, "Crawl4AIMCP._setup_tools.search_content": {"executed_lines": [], "summary": {"covered_lines": 0, "num_statements": 37, "percent_covered": 0.0, "percent_covered_display": "0", "missing_lines": 37, "excluded_lines": 0}, "missing_lines": [570, 571, 572, 575, 577, 578, 579, 580, 582, 583, 584, 585, 587, 588, 589, 591, 593, 595, 596, 597, 598, 599, 600, 603, 604, 605, 607, 612, 615, 616, 618, 619, 627, 629, 637, 638, 639], "excluded_lines": []}, "Crawl4AIMCP._setup_tools.get_crawl_stats": {"executed_lines": [], "summary": {"covered_lines": 0, "num_statements": 15, "percent_covered": 0.0, "percent_covered_display": "0", "missing_lines": 15, "excluded_lines": 0}, "missing_lines": [651, 652, 653, 654, 656, 657, 660, 661, 662, 663, 664, 666, 679, 680, 681], "excluded_lines": []}, "Crawl4AIMCP._check_client": {"executed_lines": [], "summary": {"covered_lines": 0, "num_statements": 1, "percent_covered": 0.0, "percent_covered_display": "0", "missing_lines": 1, "excluded_lines": 0}, "missing_lines": [685], "excluded_lines": []}, "Crawl4AIMCP.run": {"executed_lines": [], "summary": {"covered_lines": 0, "num_statements": 4, "percent_covered": 0.0, "percent_covered_display": "0", "missing_lines": 4, "excluded_lines": 0}, "missing_lines": [689, 690, 692, 693], "excluded_lines": []}, "main": {"executed_lines": [], "summary": {"covered_lines": 0, "num_statements": 2, "percent_covered": 0.0, "percent_covered_display": "0", "missing_lines": 2, "excluded_lines": 0}, "missing_lines": [698, 699], "excluded_lines": []}, "": {"executed_lines": [2, 7, 8, 9, 10, 11, 12, 13, 14, 15, 16, 19, 21, 22, 24, 25, 26, 30, 31, 32, 33, 34, 35, 36, 37, 38, 41, 42, 43, 44, 45, 46, 47, 48, 49, 50, 51, 54, 55, 68, 82, 109, 119, 221, 225, 247, 278, 683, 687, 696, 702], "summary": {"covered_lines": 48, "num_statements": 52, "percent_covered": 92.3076923076923, "percent_covered_display": "92", "missing_lines": 4, "excluded_lines": 0}, "missing_lines": [27, 28, 29, 703], "excluded_lines": []}}, "classes": {"CrawlResult": {"executed_lines": [], "summary": {"covered_lines": 0, "num_statements": 0, "percent_covered": 100.0, "percent_covered_display": "100", "missing_lines": 0, "excluded_lines": 0}, "missing_lines": [], "excluded_lines": []}, "Crawl4AIMCP": {"executed_lines": [], "summary": {"covered_lines": 0, "num_statements": 288, "percent_covered": 0.0, "percent_covered_display": "0", "missing_lines": 288, "excluded_lines": 0}, "missing_lines": [69, 71, 73, 74, 75, 76, 77, 78, 79, 80, 84, 85, 86, 88, 90, 93, 105, 106, 107, 111, 112, 113, 114, 115, 116, 117, 121, 122, 130, 131, 134, 135, 138, 139, 142, 147, 148, 149, 150, 151, 152, 154, 156, 157, 158, 160, 163, 164, 167, 168, 169, 170, 171, 172, 175, 176, 177, 178, 179, 180, 183, 186, 187, 188, 191, 192, 193, 196, 197, 198, 199, 200, 201, 203, 211, 212, 213, 223, 227, 228, 229, 231, 232, 234, 236, 237, 238, 240, 241, 243, 244, 245, 249, 250, 251, 253, 254, 256, 257, 259, 260, 261, 263, 264, 266, 267, 269, 271, 272, 274, 275, 276, 281, 295, 298, 299, 301, 302, 305, 306, 307, 308, 309, 310, 312, 315, 318, 319, 322, 323, 324, 327, 328, 330, 331, 332, 333, 336, 348, 349, 351, 354, 356, 362, 363, 364, 365, 366, 367, 368, 369, 371, 384, 386, 387, 389, 390, 392, 393, 394, 395, 397, 398, 400, 401, 402, 404, 405, 406, 407, 412, 413, 415, 416, 418, 426, 427, 428, 430, 443, 445, 446, 448, 449, 451, 453, 454, 455, 456, 459, 461, 468, 469, 470, 472, 486, 489, 490, 492, 493, 495, 496, 497, 499, 500, 503, 504, 505, 507, 508, 511, 513, 514, 515, 516, 518, 520, 521, 529, 530, 537, 538, 540, 542, 551, 552, 553, 555, 568, 570, 571, 572, 575, 577, 578, 579, 580, 582, 583, 584, 585, 587, 588, 589, 591, 593, 595, 596, 597, 598, 599, 600, 603, 604, 605, 607, 612, 615, 616, 618, 619, 627, 629, 637, 638, 639, 641, 649, 651, 652, 653, 654, 656, 657, 660, 661, 662, 663, 664, 666, 679, 680, 681, 685, 689, 690, 692, 693], "excluded_lines": []}, "": {"executed_lines": [2, 7, 8, 9, 10, 11, 12, 13, 14, 15, 16, 19, 21, 22, 24, 25, 26, 30, 31, 32, 33, 34, 35, 36, 37, 38, 41, 42, 43, 44, 45, 46, 47, 48, 49, 50, 51, 54, 55, 68, 82, 109, 119, 221, 225, 247, 278, 683, 687, 696, 702], "summary": {"covered_lines": 48, "num_statements": 54, "percent_covered": 88.88888888888889, "percent_covered_display": "89", "missing_lines": 6, "excluded_lines": 0}, "missing_lines": [27, 28, 29, 698, 699, 703], "excluded_lines": []}}}, "mcp_servers/darwin_mcp.py": {"executed_lines": [2, 7, 8, 9, 10, 11, 12, 13, 14, 15, 16, 17, 20, 21, 22, 23, 24, 25, 26, 28, 33, 34, 35, 36, 37, 38, 39, 40, 41, 43, 50, 51, 53, 62, 66, 72, 77, 85, 97, 119, 131, 146, 163, 216, 217, 219, 233, 440, 480, 500, 518, 572, 604, 644, 664, 683, 699, 717, 734, 740], "summary": {"covered_lines": 55, "num_statements": 233, "percent_covered": 23.605150214592275, "percent_covered_display": "24", "missing_lines": 178, "excluded_lines": 0}, "missing_lines": [29, 30, 44, 45, 46, 47, 54, 55, 64, 68, 69, 70, 74, 79, 80, 81, 82, 88, 89, 90, 91, 93, 94, 95, 99, 100, 102, 103, 105, 106, 108, 109, 110, 111, 112, 114, 115, 117, 121, 122, 124, 125, 126, 127, 129, 134, 135, 137, 138, 140, 141, 143, 149, 151, 152, 153, 155, 157, 167, 168, 170, 173, 174, 177, 181, 184, 185, 188, 190, 193, 196, 197, 199, 202, 205, 212, 213, 220, 221, 222, 225, 226, 227, 229, 230, 231, 235, 442, 444, 445, 446, 447, 448, 449, 450, 451, 452, 453, 454, 455, 456, 457, 458, 459, 460, 461, 463, 465, 470, 471, 482, 489, 502, 503, 505, 507, 520, 521, 522, 523, 524, 525, 527, 528, 530, 531, 540, 541, 547, 550, 551, 552, 553, 554, 556, 558, 574, 575, 577, 578, 580, 583, 589, 590, 591, 598, 606, 608, 609, 611, 614, 616, 617, 625, 633, 646, 648, 649, 658, 666, 667, 668, 670, 671, 673, 675, 685, 686, 687, 689, 690, 692, 701, 719, 720, 736, 737, 741], "excluded_lines": [], "functions": {"Individual.__post_init__": {"executed_lines": [], "summary": {"covered_lines": 0, "num_statements": 2, "percent_covered": 0.0, "percent_covered_display": "0", "missing_lines": 2, "excluded_lines": 0}, "missing_lines": [29, 30], "excluded_lines": []}, "Population.__post_init__": {"executed_lines": [], "summary": {"covered_lines": 0, "num_statements": 4, "percent_covered": 0.0, "percent_covered_display": "0", "missing_lines": 4, "excluded_lines": 0}, "missing_lines": [44, 45, 46, 47], "excluded_lines": []}, "GeneticAlgorithm.__init__": {"executed_lines": [], "summary": {"covered_lines": 0, "num_statements": 2, "percent_covered": 0.0, "percent_covered_display": "0", "missing_lines": 2, "excluded_lines": 0}, "missing_lines": [54, 55], "excluded_lines": []}, "GeneticAlgorithm._sphere_function": {"executed_lines": [], "summary": {"covered_lines": 0, "num_statements": 1, "percent_covered": 0.0, "percent_covered_display": "0", "missing_lines": 1, "excluded_lines": 0}, "missing_lines": [64], "excluded_lines": []}, "GeneticAlgorithm._rastrigin_function": {"executed_lines": [], "summary": {"covered_lines": 0, "num_statements": 3, "percent_covered": 0.0, "percent_covered_display": "0", "missing_lines": 3, "excluded_lines": 0}, "missing_lines": [68, 69, 70], "excluded_lines": []}, "GeneticAlgorithm._rosenbrock_function": {"executed_lines": [], "summary": {"covered_lines": 0, "num_statements": 1, "percent_covered": 0.0, "percent_covered_display": "0", "missing_lines": 1, "excluded_lines": 0}, "missing_lines": [74], "excluded_lines": []}, "GeneticAlgorithm._ackley_function": {"executed_lines": [], "summary": {"covered_lines": 0, "num_statements": 4, "percent_covered": 0.0, "percent_covered_display": "0", "missing_lines": 4, "excluded_lines": 0}, "missing_lines": [79, 80, 81, 82], "excluded_lines": []}, "GeneticAlgorithm.create_population": {"executed_lines": [], "summary": {"covered_lines": 0, "num_statements": 7, "percent_covered": 0.0, "percent_covered_display": "0", "missing_lines": 7, "excluded_lines": 0}, "missing_lines": [88, 89, 90, 91, 93, 94, 95], "excluded_lines": []}, "GeneticAlgorithm.evaluate_fitness": {"executed_lines": [], "summary": {"covered_lines": 0, "num_statements": 14, "percent_covered": 0.0, "percent_covered_display": "0", "missing_lines": 14, "excluded_lines": 0}, "missing_lines": [99, 100, 102, 103, 105, 106, 108, 109, 110, 111, 112, 114, 115, 117], "excluded_lines": []}, "GeneticAlgorithm.selection": {"executed_lines": [], "summary": {"covered_lines": 0, "num_statements": 7, "percent_covered": 0.0, "percent_covered_display": "0", "missing_lines": 7, "excluded_lines": 0}, "missing_lines": [121, 122, 124, 125, 126, 127, 129], "excluded_lines": []}, "GeneticAlgorithm.crossover": {"executed_lines": [], "summary": {"covered_lines": 0, "num_statements": 7, "percent_covered": 0.0, "percent_covered_display": "0", "missing_lines": 7, "excluded_lines": 0}, "missing_lines": [134, 135, 137, 138, 140, 141, 143], "excluded_lines": []}, "GeneticAlgorithm.mutate": {"executed_lines": [], "summary": {"covered_lines": 0, "num_statements": 6, "percent_covered": 0.0, "percent_covered_display": "0", "missing_lines": 6, "excluded_lines": 0}, "missing_lines": [149, 151, 152, 153, 155, 157], "excluded_lines": []}, "GeneticAlgorithm.evolve_generation": {"executed_lines": [], "summary": {"covered_lines": 0, "num_statements": 19, "percent_covered": 0.0, "percent_covered_display": "0", "missing_lines": 19, "excluded_lines": 0}, "missing_lines": [167, 168, 170, 173, 174, 177, 181, 184, 185, 188, 190, 193, 196, 197, 199, 202, 205, 212, 213], "excluded_lines": []}, "DarwinMCPServer.__init__": {"executed_lines": [], "summary": {"covered_lines": 0, "num_statements": 7, "percent_covered": 0.0, "percent_covered_display": "0", "missing_lines": 7, "excluded_lines": 0}, "missing_lines": [220, 221, 222, 225, 226, 229, 230], "excluded_lines": []}, "DarwinMCPServer.__init__.handle_list_tools": {"executed_lines": [], "summary": {"covered_lines": 0, "num_statements": 1, "percent_covered": 0.0, "percent_covered_display": "0", "missing_lines": 1, "excluded_lines": 0}, "missing_lines": [227], "excluded_lines": []}, "DarwinMCPServer.__init__.handle_call_tool": {"executed_lines": [], "summary": {"covered_lines": 0, "num_statements": 1, "percent_covered": 0.0, "percent_covered_display": "0", "missing_lines": 1, "excluded_lines": 0}, "missing_lines": [231], "excluded_lines": []}, "DarwinMCPServer._get_tools": {"executed_lines": [], "summary": {"covered_lines": 0, "num_statements": 1, "percent_covered": 0.0, "percent_covered_display": "0", "missing_lines": 1, "excluded_lines": 0}, "missing_lines": [235], "excluded_lines": []}, "DarwinMCPServer._handle_tool_call": {"executed_lines": [], "summary": {"covered_lines": 0, "num_statements": 23, "percent_covered": 0.0, "percent_covered_display": "0", "missing_lines": 23, "excluded_lines": 0}, "missing_lines": [442, 444, 445, 446, 447, 448, 449, 450, 451, 452, 453, 454, 455, 456, 457, 458, 459, 460, 461, 463, 465, 470, 471], "excluded_lines": []}, "DarwinMCPServer._create_population": {"executed_lines": [], "summary": {"covered_lines": 0, "num_statements": 2, "percent_covered": 0.0, "percent_covered_display": "0", "missing_lines": 2, "excluded_lines": 0}, "missing_lines": [482, 489], "excluded_lines": []}, "DarwinMCPServer._evaluate_fitness": {"executed_lines": [], "summary": {"covered_lines": 0, "num_statements": 4, "percent_covered": 0.0, "percent_covered_display": "0", "missing_lines": 4, "excluded_lines": 0}, "missing_lines": [502, 503, 505, 507], "excluded_lines": []}, "DarwinMCPServer._evolve": {"executed_lines": [], "summary": {"covered_lines": 0, "num_statements": 20, "percent_covered": 0.0, "percent_covered_display": "0", "missing_lines": 20, "excluded_lines": 0}, "missing_lines": [520, 521, 522, 523, 524, 525, 527, 528, 530, 531, 540, 541, 547, 550, 551, 552, 553, 554, 556, 558], "excluded_lines": []}, "DarwinMCPServer._get_best": {"executed_lines": [], "summary": {"covered_lines": 0, "num_statements": 10, "percent_covered": 0.0, "percent_covered_display": "0", "missing_lines": 10, "excluded_lines": 0}, "missing_lines": [574, 575, 577, 578, 580, 583, 589, 590, 591, 598], "excluded_lines": []}, "DarwinMCPServer._get_population_stats": {"executed_lines": [], "summary": {"covered_lines": 0, "num_statements": 9, "percent_covered": 0.0, "percent_covered_display": "0", "missing_lines": 9, "excluded_lines": 0}, "missing_lines": [606, 608, 609, 611, 614, 616, 617, 625, 633], "excluded_lines": []}, "DarwinMCPServer._list_populations": {"executed_lines": [], "summary": {"covered_lines": 0, "num_statements": 4, "percent_covered": 0.0, "percent_covered_display": "0", "missing_lines": 4, "excluded_lines": 0}, "missing_lines": [646, 648, 649, 658], "excluded_lines": []}, "DarwinMCPServer._crossover": {"executed_lines": [], "summary": {"covered_lines": 0, "num_statements": 7, "percent_covered": 0.0, "percent_covered_display": "0", "missing_lines": 7, "excluded_lines": 0}, "missing_lines": [666, 667, 668, 670, 671, 673, 675], "excluded_lines": []}, "DarwinMCPServer._mutate": {"executed_lines": [], "summary": {"covered_lines": 0, "num_statements": 6, "percent_covered": 0.0, "percent_covered_display": "0", "missing_lines": 6, "excluded_lines": 0}, "missing_lines": [685, 686, 687, 689, 690, 692], "excluded_lines": []}, "DarwinMCPServer._health_check": {"executed_lines": [], "summary": {"covered_lines": 0, "num_statements": 1, "percent_covered": 0.0, "percent_covered_display": "0", "missing_lines": 1, "excluded_lines": 0}, "missing_lines": [701], "excluded_lines": []}, "DarwinMCPServer.run": {"executed_lines": [], "summary": {"covered_lines": 0, "num_statements": 2, "percent_covered": 0.0, "percent_covered_display": "0", "missing_lines": 2, "excluded_lines": 0}, "missing_lines": [719, 720], "excluded_lines": []}, "main": {"executed_lines": [], "summary": {"covered_lines": 0, "num_statements": 2, "percent_covered": 0.0, "percent_covered_display": "0", "missing_lines": 2, "excluded_lines": 0}, "missing_lines": [736, 737], "excluded_lines": []}, "": {"executed_lines": [2, 7, 8, 9, 10, 11, 12, 13, 14, 15, 16, 17, 20, 21, 22, 23, 24, 25, 26, 28, 33, 34, 35, 36, 37, 38, 39, 40, 41, 43, 50, 51, 53, 62, 66, 72, 77, 85, 97, 119, 131, 146, 163, 216, 217, 219, 233, 440, 480, 500, 518, 572, 604, 644, 664, 683, 699, 717, 734, 740], "summary": {"covered_lines": 55, "num_statements": 56, "percent_covered": 98.21428571428571, "percent_covered_display": "98", "missing_lines": 1, "excluded_lines": 0}, "missing_lines": [741], "excluded_lines": []}}, "classes": {"Individual": {"executed_lines": [], "summary": {"covered_lines": 0, "num_statements": 2, "percent_covered": 0.0, "percent_covered_display": "0", "missing_lines": 2, "excluded_lines": 0}, "missing_lines": [29, 30], "excluded_lines": []}, "Population": {"executed_lines": [], "summary": {"covered_lines": 0, "num_statements": 4, "percent_covered": 0.0, "percent_covered_display": "0", "missing_lines": 4, "excluded_lines": 0}, "missing_lines": [44, 45, 46, 47], "excluded_lines": []}, "GeneticAlgorithm": {"executed_lines": [], "summary": {"covered_lines": 0, "num_statements": 71, "percent_covered": 0.0, "percent_covered_display": "0", "missing_lines": 71, "excluded_lines": 0}, "missing_lines": [54, 55, 64, 68, 69, 70, 74, 79, 80, 81, 82, 88, 89, 90, 91, 93, 94, 95, 99, 100, 102, 103, 105, 106, 108, 109, 110, 111, 112, 114, 115, 117, 121, 122, 124, 125, 126, 127, 129, 134, 135, 137, 138, 140, 141, 143, 149, 151, 152, 153, 155, 157, 167, 168, 170, 173, 174, 177, 181, 184, 185, 188, 190, 193, 196, 197, 199, 202, 205, 212, 213], "excluded_lines": []}, "DarwinMCPServer": {"executed_lines": [], "summary": {"covered_lines": 0, "num_statements": 98, "percent_covered": 0.0, "percent_covered_display": "0", "missing_lines": 98, "excluded_lines": 0}, "missing_lines": [220, 221, 222, 225, 226, 227, 229, 230, 231, 235, 442, 444, 445, 446, 447, 448, 449, 450, 451, 452, 453, 454, 455, 456, 457, 458, 459, 460, 461, 463, 465, 470, 471, 482, 489, 502, 503, 505, 507, 520, 521, 522, 523, 524, 525, 527, 528, 530, 531, 540, 541, 547, 550, 551, 552, 553, 554, 556, 558, 574, 575, 577, 578, 580, 583, 589, 590, 591, 598, 606, 608, 609, 611, 614, 616, 617, 625, 633, 646, 648, 649, 658, 666, 667, 668, 670, 671, 673, 675, 685, 686, 687, 689, 690, 692, 701, 719, 720], "excluded_lines": []}, "": {"executed_lines": [2, 7, 8, 9, 10, 11, 12, 13, 14, 15, 16, 17, 20, 21, 22, 23, 24, 25, 26, 28, 33, 34, 35, 36, 37, 38, 39, 40, 41, 43, 50, 51, 53, 62, 66, 72, 77, 85, 97, 119, 131, 146, 163, 216, 217, 219, 233, 440, 480, 500, 518, 572, 604, 644, 664, 683, 699, 717, 734, 740], "summary": {"covered_lines": 55, "num_statements": 58, "percent_covered": 94.82758620689656, "percent_covered_display": "95", "missing_lines": 3, "excluded_lines": 0}, "missing_lines": [736, 737, 741], "excluded_lines": []}}}, "mcp_servers/docker_mcp.py": {"executed_lines": [2, 7, 8, 9, 10, 11, 12, 13, 16, 18, 19, 21, 22, 23, 24, 33, 34, 45, 46, 47, 48, 49, 51, 53, 54, 55, 57, 58, 60, 61, 62, 63, 65, 68, 79, 110, 121, 149, 166, 195, 206, 227, 239, 260, 273, 293, 307, 329, 340, 369, 382, 410, 423, 442, 450, 479, 489, 520, 530, 559, 561, 562, 563, 565, 570, 572, 573, 576], "summary": {"covered_lines": 66, "num_statements": 222, "percent_covered": 29.72972972972973, "percent_covered_display": "30", "missing_lines": 156, "excluded_lines": 0}, "missing_lines": [25, 26, 27, 28, 29, 30, 81, 82, 84, 85, 87, 88, 89, 101, 105, 106, 107, 108, 123, 124, 126, 127, 129, 142, 143, 144, 145, 146, 147, 170, 171, 173, 174, 184, 190, 191, 192, 193, 208, 209, 211, 212, 213, 215, 220, 221, 222, 223, 224, 225, 241, 242, 244, 245, 246, 248, 253, 254, 255, 256, 257, 258, 275, 276, 278, 279, 280, 282, 286, 287, 288, 289, 290, 291, 309, 310, 312, 313, 314, 316, 322, 323, 324, 325, 326, 327, 342, 343, 345, 346, 348, 349, 350, 360, 364, 365, 366, 367, 384, 385, 387, 388, 394, 395, 400, 405, 406, 407, 408, 425, 426, 428, 429, 431, 435, 436, 437, 438, 439, 440, 452, 453, 455, 456, 457, 459, 474, 475, 476, 477, 491, 492, 494, 495, 497, 498, 499, 511, 515, 516, 517, 518, 532, 533, 535, 536, 538, 539, 540, 550, 554, 555, 556, 557, 567, 577], "excluded_lines": [], "functions": {"DockerMCP.__init__": {"executed_lines": [46, 47, 48, 49], "summary": {"covered_lines": 4, "num_statements": 4, "percent_covered": 100.0, "percent_covered_display": "100", "missing_lines": 0, "excluded_lines": 0}, "missing_lines": [], "excluded_lines": []}, "DockerMCP._initialize_client": {"executed_lines": [53, 54, 55, 57, 58, 60, 61, 62, 63], "summary": {"covered_lines": 9, "num_statements": 9, "percent_covered": 100.0, "percent_covered_display": "100", "missing_lines": 0, "excluded_lines": 0}, "missing_lines": [], "excluded_lines": []}, "DockerMCP._setup_tools": {"executed_lines": [68, 79, 110, 121, 149, 166, 195, 206, 227, 239, 260, 273, 293, 307, 329, 340, 369, 382, 410, 423, 442, 450, 479, 489, 520, 530], "summary": {"covered_lines": 26, "num_statements": 26, "percent_covered": 100.0, "percent_covered_display": "100", "missing_lines": 0, "excluded_lines": 0}, "missing_lines": [], "excluded_lines": []}, "DockerMCP._setup_tools.list_containers": {"executed_lines": [], "summary": {"covered_lines": 0, "num_statements": 12, "percent_covered": 0.0, "percent_covered_display": "0", "missing_lines": 12, "excluded_lines": 0}, "missing_lines": [81, 82, 84, 85, 87, 88, 89, 101, 105, 106, 107, 108], "excluded_lines": []}, "DockerMCP._setup_tools.get_container": {"executed_lines": [], "summary": {"covered_lines": 0, "num_statements": 11, "percent_covered": 0.0, "percent_covered_display": "0", "missing_lines": 11, "excluded_lines": 0}, "missing_lines": [123, 124, 126, 127, 129, 142, 143, 144, 145, 146, 147], "excluded_lines": []}, "DockerMCP._setup_tools.create_container": {"executed_lines": [], "summary": {"covered_lines": 0, "num_statements": 9, "percent_covered": 0.0, "percent_covered_display": "0", "missing_lines": 9, "excluded_lines": 0}, "missing_lines": [170, 171, 173, 174, 184, 190, 191, 192, 193], "excluded_lines": []}, "DockerMCP._setup_tools.start_container": {"executed_lines": [], "summary": {"covered_lines": 0, "num_statements": 12, "percent_covered": 0.0, "percent_covered_display": "0", "missing_lines": 12, "excluded_lines": 0}, "missing_lines": [208, 209, 211, 212, 213, 215, 220, 221, 222, 223, 224, 225], "excluded_lines": []}, "DockerMCP._setup_tools.stop_container": {"executed_lines": [], "summary": {"covered_lines": 0, "num_statements": 12, "percent_covered": 0.0, "percent_covered_display": "0", "missing_lines": 12, "excluded_lines": 0}, "missing_lines": [241, 242, 244, 245, 246, 248, 253, 254, 255, 256, 257, 258], "excluded_lines": []}, "DockerMCP._setup_tools.remove_container": {"executed_lines": [], "summary": {"covered_lines": 0, "num_statements": 12, "percent_covered": 0.0, "percent_covered_display": "0", "missing_lines": 12, "excluded_lines": 0}, "missing_lines": [275, 276, 278, 279, 280, 282, 286, 287, 288, 289, 290, 291], "excluded_lines": []}, "DockerMCP._setup_tools.get_container_logs": {"executed_lines": [], "summary": {"covered_lines": 0, "num_statements": 12, "percent_covered": 0.0, "percent_covered_display": "0", "missing_lines": 12, "excluded_lines": 0}, "missing_lines": [309, 310, 312, 313, 314, 316, 322, 323, 324, 325, 326, 327], "excluded_lines": []}, "DockerMCP._setup_tools.list_images": {"executed_lines": [], "summary": {"covered_lines": 0, "num_statements": 12, "percent_covered": 0.0, "percent_covered_display": "0", "missing_lines": 12, "excluded_lines": 0}, "missing_lines": [342, 343, 345, 346, 348, 349, 350, 360, 364, 365, 366, 367], "excluded_lines": []}, "DockerMCP._setup_tools.pull_image": {"executed_lines": [], "summary": {"covered_lines": 0, "num_statements": 11, "percent_covered": 0.0, "percent_covered_display": "0", "missing_lines": 11, "excluded_lines": 0}, "missing_lines": [384, 385, 387, 388, 394, 395, 400, 405, 406, 407, 408], "excluded_lines": []}, "DockerMCP._setup_tools.remove_image": {"executed_lines": [], "summary": {"covered_lines": 0, "num_statements": 11, "percent_covered": 0.0, "percent_covered_display": "0", "missing_lines": 11, "excluded_lines": 0}, "missing_lines": [425, 426, 428, 429, 431, 435, 436, 437, 438, 439, 440], "excluded_lines": []}, "DockerMCP._setup_tools.get_system_info": {"executed_lines": [], "summary": {"covered_lines": 0, "num_statements": 10, "percent_covered": 0.0, "percent_covered_display": "0", "missing_lines": 10, "excluded_lines": 0}, "missing_lines": [452, 453, 455, 456, 457, 459, 474, 475, 476, 477], "excluded_lines": []}, "DockerMCP._setup_tools.list_networks": {"executed_lines": [], "summary": {"covered_lines": 0, "num_statements": 12, "percent_covered": 0.0, "percent_covered_display": "0", "missing_lines": 12, "excluded_lines": 0}, "missing_lines": [491, 492, 494, 495, 497, 498, 499, 511, 515, 516, 517, 518], "excluded_lines": []}, "DockerMCP._setup_tools.list_volumes": {"executed_lines": [], "summary": {"covered_lines": 0, "num_statements": 12, "percent_covered": 0.0, "percent_covered_display": "0", "missing_lines": 12, "excluded_lines": 0}, "missing_lines": [532, 533, 535, 536, 538, 539, 540, 550, 554, 555, 556, 557], "excluded_lines": []}, "DockerMCP._check_client": {"executed_lines": [561, 562, 563], "summary": {"covered_lines": 3, "num_statements": 3, "percent_covered": 100.0, "percent_covered_display": "100", "missing_lines": 0, "excluded_lines": 0}, "missing_lines": [], "excluded_lines": []}, "DockerMCP.run": {"executed_lines": [], "summary": {"covered_lines": 0, "num_statements": 1, "percent_covered": 0.0, "percent_covered_display": "0", "missing_lines": 1, "excluded_lines": 0}, "missing_lines": [567], "excluded_lines": []}, "main": {"executed_lines": [572, 573], "summary": {"covered_lines": 2, "num_statements": 2, "percent_covered": 100.0, "percent_covered_display": "100", "missing_lines": 0, "excluded_lines": 0}, "missing_lines": [], "excluded_lines": []}, "": {"executed_lines": [2, 7, 8, 9, 10, 11, 12, 13, 16, 18, 19, 21, 22, 23, 24, 33, 34, 45, 51, 65, 559, 565, 570, 576], "summary": {"covered_lines": 22, "num_statements": 29, "percent_covered": 75.86206896551724, "percent_covered_display": "76", "missing_lines": 7, "excluded_lines": 0}, "missing_lines": [25, 26, 27, 28, 29, 30, 577], "excluded_lines": []}}, "classes": {"DockerMCP": {"executed_lines": [46, 47, 48, 49, 53, 54, 55, 57, 58, 60, 61, 62, 63, 68, 79, 110, 121, 149, 166, 195, 206, 227, 239, 260, 273, 293, 307, 329, 340, 369, 382, 410, 423, 442, 450, 479, 489, 520, 530, 561, 562, 563], "summary": {"covered_lines": 42, "num_statements": 191, "percent_covered": 21.98952879581152, "percent_covered_display": "22", "missing_lines": 149, "excluded_lines": 0}, "missing_lines": [81, 82, 84, 85, 87, 88, 89, 101, 105, 106, 107, 108, 123, 124, 126, 127, 129, 142, 143, 144, 145, 146, 147, 170, 171, 173, 174, 184, 190, 191, 192, 193, 208, 209, 211, 212, 213, 215, 220, 221, 222, 223, 224, 225, 241, 242, 244, 245, 246, 248, 253, 254, 255, 256, 257, 258, 275, 276, 278, 279, 280, 282, 286, 287, 288, 289, 290, 291, 309, 310, 312, 313, 314, 316, 322, 323, 324, 325, 326, 327, 342, 343, 345, 346, 348, 349, 350, 360, 364, 365, 366, 367, 384, 385, 387, 388, 394, 395, 400, 405, 406, 407, 40
[...]
t_covered": 53.333333333333336, "percent_covered_display": "53", "missing_lines": 7, "excluded_lines": 0}, "missing_lines": [360, 362, 364, 365, 366, 367, 368], "excluded_lines": []}, "TestDockerMCP.test_list_volumes_success": {"executed_lines": [373, 375, 376, 377, 386, 388], "summary": {"covered_lines": 6, "num_statements": 12, "percent_covered": 50.0, "percent_covered_display": "50", "missing_lines": 6, "excluded_lines": 0}, "missing_lines": [389, 391, 393, 394, 395, 396], "excluded_lines": []}, "TestDockerMCP.test_check_client_with_client": {"executed_lines": [400, 401], "summary": {"covered_lines": 2, "num_statements": 2, "percent_covered": 100.0, "percent_covered_display": "100", "missing_lines": 0, "excluded_lines": 0}, "missing_lines": [], "excluded_lines": []}, "TestDockerMCP.test_check_client_without_client": {"executed_lines": [405, 406], "summary": {"covered_lines": 2, "num_statements": 2, "percent_covered": 100.0, "percent_covered_display": "100", "missing_lines": 0, "excluded_lines": 0}, "missing_lines": [], "excluded_lines": []}, "TestDockerMCP.test_check_client_docker_not_available": {"executed_lines": [411], "summary": {"covered_lines": 1, "num_statements": 1, "percent_covered": 100.0, "percent_covered_display": "100", "missing_lines": 0, "excluded_lines": 0}, "missing_lines": [], "excluded_lines": []}, "TestDockerMCP.test_main_function": {"executed_lines": [416, 419, 420, 421], "summary": {"covered_lines": 4, "num_statements": 4, "percent_covered": 100.0, "percent_covered_display": "100", "missing_lines": 0, "excluded_lines": 0}, "missing_lines": [], "excluded_lines": []}, "": {"executed_lines": [2, 7, 8, 9, 10, 11, 12, 15, 17, 20, 21, 23, 24, 28, 29, 57, 58, 77, 78, 92, 98, 99, 111, 112, 121, 122, 128, 129, 146, 147, 159, 160, 176, 177, 189, 190, 208, 209, 223, 224, 238, 239, 253, 254, 269, 270, 285, 286, 304, 305, 322, 323, 339, 340, 370, 371, 398, 403, 408, 409, 413, 414], "summary": {"covered_lines": 60, "num_statements": 60, "percent_covered": 100.0, "percent_covered_display": "100", "missing_lines": 0, "excluded_lines": 0}, "missing_lines": [], "excluded_lines": []}}, "classes": {"TestDockerMCP": {"executed_lines": [26, 31, 32, 33, 34, 35, 36, 37, 51, 55, 60, 61, 62, 63, 64, 65, 66, 73, 74, 75, 80, 81, 82, 83, 84, 89, 90, 94, 95, 101, 102, 103, 105, 107, 108, 109, 114, 116, 119, 124, 125, 131, 132, 135, 149, 151, 162, 163, 165, 179, 180, 182, 192, 193, 195, 211, 212, 214, 226, 227, 229, 241, 242, 244, 256, 257, 259, 272, 273, 275, 288, 289, 291, 307, 309, 325, 327, 342, 344, 345, 346, 347, 348, 357, 359, 373, 375, 376, 377, 386, 388, 400, 401, 405, 406, 411, 416, 419, 420, 421], "summary": {"covered_lines": 100, "num_statements": 186, "percent_covered": 53.763440860215056, "percent_covered_display": "54", "missing_lines": 86, "excluded_lines": 0}, "missing_lines": [96, 126, 136, 138, 140, 141, 142, 143, 144, 152, 154, 156, 157, 166, 168, 170, 171, 172, 173, 174, 183, 185, 187, 196, 198, 204, 205, 206, 215, 217, 219, 220, 221, 230, 232, 234, 235, 236, 245, 247, 249, 250, 251, 260, 262, 264, 265, 266, 267, 276, 278, 280, 281, 282, 283, 292, 294, 296, 297, 298, 310, 312, 314, 315, 316, 328, 330, 332, 333, 334, 335, 336, 337, 360, 362, 364, 365, 366, 367, 368, 389, 391, 393, 394, 395, 396], "excluded_lines": []}, "": {"executed_lines": [2, 7, 8, 9, 10, 11, 12, 15, 17, 20, 21, 23, 24, 28, 29, 57, 58, 77, 78, 92, 98, 99, 111, 112, 121, 122, 128, 129, 146, 147, 159, 160, 176, 177, 189, 190, 208, 209, 223, 224, 238, 239, 253, 254, 269, 270, 285, 286, 304, 305, 322, 323, 339, 340, 370, 371, 398, 403, 408, 409, 413, 414], "summary": {"covered_lines": 60, "num_statements": 60, "percent_covered": 100.0, "percent_covered_display": "100", "missing_lines": 0, "excluded_lines": 0}, "missing_lines": [], "excluded_lines": []}}}, "tests/test_registry.py": {"executed_lines": [2, 7, 8, 9, 10, 11, 12, 15, 17, 18, 21, 22, 24, 25, 27, 29, 31, 32, 33, 34, 35, 37, 40, 52, 55, 56, 58, 59, 60, 61, 63, 64, 67, 68, 69, 71, 72, 74, 76, 78, 79, 80, 81, 82, 85, 86, 88, 89, 91, 92, 93, 95, 96, 98, 99, 101, 106, 108, 109, 110, 111, 112, 114, 115, 119, 130, 131, 133, 134, 135, 136, 137, 138, 141, 142, 144, 145, 149, 159, 164, 165, 166, 167, 169, 170, 174, 179, 180, 183, 185, 186, 187, 189, 190, 191, 193, 194, 198, 207, 217, 219, 220, 222, 223, 224, 227, 232, 233, 234, 236, 237, 241, 251, 253, 254, 255, 257, 258, 259, 261, 262, 266, 275, 277, 278, 279, 280, 281, 282, 284, 285, 289, 300, 302, 303, 305, 306, 307, 308, 311, 316, 317, 319, 321, 329, 330, 331, 332, 333, 334, 335, 337, 339, 346, 347, 348, 349, 350, 351, 353, 354, 358, 359, 364, 365, 368, 372, 375, 379, 382, 383, 385, 386, 389, 390, 392, 394, 397, 412, 413, 414, 417, 418, 421, 422, 425, 426, 427, 430, 431, 434, 438, 439, 442, 446, 450, 451, 454], "summary": {"covered_lines": 194, "num_statements": 197, "percent_covered": 98.4771573604061, "percent_covered_display": "98", "missing_lines": 3, "excluded_lines": 0}, "missing_lines": [53, 363, 455], "excluded_lines": [], "functions": {"TestFastMCPFramework.fastmcp_server": {"executed_lines": [27], "summary": {"covered_lines": 1, "num_statements": 1, "percent_covered": 100.0, "percent_covered_display": "100", "missing_lines": 0, "excluded_lines": 0}, "missing_lines": [], "excluded_lines": []}, "TestFastMCPFramework.test_fastmcp_initialization": {"executed_lines": [31, 32, 33, 34, 35], "summary": {"covered_lines": 5, "num_statements": 5, "percent_covered": 100.0, "percent_covered_display": "100", "missing_lines": 0, "excluded_lines": 0}, "missing_lines": [], "excluded_lines": []}, "TestFastMCPFramework.test_tool_registration": {"executed_lines": [40, 52, 55, 56, 58, 59, 60, 61], "summary": {"covered_lines": 8, "num_statements": 8, "percent_covered": 100.0, "percent_covered_display": "100", "missing_lines": 0, "excluded_lines": 0}, "missing_lines": [], "excluded_lines": []}, "TestFastMCPFramework.test_tool_registration.test_tool": {"executed_lines": [], "summary": {"covered_lines": 0, "num_statements": 1, "percent_covered": 0.0, "percent_covered_display": "0", "missing_lines": 1, "excluded_lines": 0}, "missing_lines": [53], "excluded_lines": []}, "TestFastMCPFramework.test_tool_execution": {"executed_lines": [67, 68, 71, 72], "summary": {"covered_lines": 4, "num_statements": 4, "percent_covered": 100.0, "percent_covered_display": "100", "missing_lines": 0, "excluded_lines": 0}, "missing_lines": [], "excluded_lines": []}, "TestFastMCPFramework.test_tool_execution.echo_tool": {"executed_lines": [69], "summary": {"covered_lines": 1, "num_statements": 1, "percent_covered": 100.0, "percent_covered_display": "100", "missing_lines": 0, "excluded_lines": 0}, "missing_lines": [], "excluded_lines": []}, "TestFastMCPFramework.test_health_status": {"executed_lines": [76, 78, 79, 80, 81, 82], "summary": {"covered_lines": 6, "num_statements": 6, "percent_covered": 100.0, "percent_covered_display": "100", "missing_lines": 0, "excluded_lines": 0}, "missing_lines": [], "excluded_lines": []}, "TestMCPRegistry.temp_storage": {"executed_lines": [91, 92, 93, 95, 96], "summary": {"covered_lines": 5, "num_statements": 5, "percent_covered": 100.0, "percent_covered_display": "100", "missing_lines": 0, "excluded_lines": 0}, "missing_lines": [], "excluded_lines": []}, "TestMCPRegistry.registry": {"executed_lines": [101], "summary": {"covered_lines": 1, "num_statements": 1, "percent_covered": 100.0, "percent_covered_display": "100", "missing_lines": 0, "excluded_lines": 0}, "missing_lines": [], "excluded_lines": []}, "TestMCPRegistry.test_registry_initialization": {"executed_lines": [108, 109, 110, 111, 112], "summary": {"covered_lines": 5, "num_statements": 5, "percent_covered": 100.0, "percent_covered_display": "100", "missing_lines": 0, "excluded_lines": 0}, "missing_lines": [], "excluded_lines": []}, "TestMCPRegistry.test_server_registration": {"executed_lines": [119, 130, 131, 133, 134, 135, 136, 137, 138, 141, 142], "summary": {"covered_lines": 11, "num_statements": 11, "percent_covered": 100.0, "percent_covered_display": "100", "missing_lines": 0, "excluded_lines": 0}, "missing_lines": [], "excluded_lines": []}, "TestMCPRegistry.test_server_unregistration": {"executed_lines": [149, 159, 164, 165, 166, 167], "summary": {"covered_lines": 6, "num_statements": 6, "percent_covered": 100.0, "percent_covered_display": "100", "missing_lines": 0, "excluded_lines": 0}, "missing_lines": [], "excluded_lines": []}, "TestMCPRegistry.test_list_servers": {"executed_lines": [174, 179, 180, 183, 185, 186, 187, 189, 190, 191], "summary": {"covered_lines": 10, "num_statements": 10, "percent_covered": 100.0, "percent_covered_display": "100", "missing_lines": 0, "excluded_lines": 0}, "missing_lines": [], "excluded_lines": []}, "TestMCPRegistry.test_discover_tools": {"executed_lines": [198, 207, 217, 219, 220, 222, 223, 224, 227, 232, 233, 234], "summary": {"covered_lines": 12, "num_statements": 12, "percent_covered": 100.0, "percent_covered_display": "100", "missing_lines": 0, "excluded_lines": 0}, "missing_lines": [], "excluded_lines": []}, "TestMCPRegistry.test_health_check": {"executed_lines": [241, 251, 253, 254, 255, 257, 258, 259], "summary": {"covered_lines": 8, "num_statements": 8, "percent_covered": 100.0, "percent_covered_display": "100", "missing_lines": 0, "excluded_lines": 0}, "missing_lines": [], "excluded_lines": []}, "TestMCPRegistry.test_registry_status": {"executed_lines": [266, 275, 277, 278, 279, 280, 281, 282], "summary": {"covered_lines": 8, "num_statements": 8, "percent_covered": 100.0, "percent_covered_display": "100", "missing_lines": 0, "excluded_lines": 0}, "missing_lines": [], "excluded_lines": []}, "TestMCPRegistry.test_data_persistence": {"executed_lines": [289, 300, 302, 303, 305, 306, 307, 308, 311, 316, 317], "summary": {"covered_lines": 11, "num_statements": 11, "percent_covered": 100.0, "percent_covered_display": "100", "missing_lines": 0, "excluded_lines": 0}, "missing_lines": [], "excluded_lines": []}, "TestMCPRegistry.test_server_info_dataclass": {"executed_lines": [321, 329, 330, 331, 332, 333, 334, 335], "summary": {"covered_lines": 8, "num_statements": 8, "percent_covered": 100.0, "percent_covered_display": "100", "missing_lines": 0, "excluded_lines": 0}, "missing_lines": [], "excluded_lines": []}, "TestMCPRegistry.test_tool_info_dataclass": {"executed_lines": [339, 346, 347, 348, 349, 350, 351], "summary": {"covered_lines": 7, "num_statements": 7, "percent_covered": 100.0, "percent_covered_display": "100", "missing_lines": 0, "excluded_lines": 0}, "missing_lines": [], "excluded_lines": []}, "TestMCPRegistry.test_error_handling": {"executed_lines": [358, 359, 364, 365, 368, 372, 375, 379], "summary": {"covered_lines": 8, "num_statements": 9, "percent_covered": 88.88888888888889, "percent_covered_display": "89", "missing_lines": 1, "excluded_lines": 0}, "missing_lines": [363], "excluded_lines": []}, "TestIntegration.test_end_to_end_workflow": {"executed_lines": [389, 390, 392, 394, 397, 412, 413, 414, 417, 418, 421, 422, 425, 426, 427, 430, 431, 434, 438, 439, 442, 446, 450, 451], "summary": {"covered_lines": 24, "num_statements": 24, "percent_covered": 100.0, "percent_covered_display": "100", "missing_lines": 0, "excluded_lines": 0}, "missing_lines": [], "excluded_lines": []}, "": {"executed_lines": [2, 7, 8, 9, 10, 11, 12, 15, 17, 18, 21, 22, 24, 25, 29, 37, 63, 64, 74, 85, 86, 88, 89, 98, 99, 106, 114, 115, 144, 145, 169, 170, 193, 194, 236, 237, 261, 262, 284, 285, 319, 337, 353, 354, 382, 383, 385, 386, 454], "summary": {"covered_lines": 45, "num_statements": 46, "percent_covered": 97.82608695652173, "percent_covered_display": "98", "missing_lines": 1, "excluded_lines": 0}, "missing_lines": [455], "excluded_lines": []}}, "classes": {"TestFastMCPFramework": {"executed_lines": [27, 31, 32, 33, 34, 35, 40, 52, 55, 56, 58, 59, 60, 61, 67, 68, 69, 71, 72, 76, 78, 79, 80, 81, 82], "summary": {"covered_lines": 25, "num_statements": 26, "percent_covered": 96.15384615384616, "percent_covered_display": "96", "missing_lines": 1, "excluded_lines": 0}, "missing_lines": [53], "excluded_lines": []}, "TestMCPRegistry": {"executed_lines": [91, 92, 93, 95, 96, 101, 108, 109, 110, 111, 112, 119, 130, 131, 133, 134, 135, 136, 137, 138, 141, 142, 149, 159, 164, 165, 166, 167, 174, 179, 180, 183, 185, 186, 187, 189, 190, 191, 198, 207, 217, 219, 220, 222, 223, 224, 227, 232, 233, 234, 241, 251, 253, 254, 255, 257, 258, 259, 266, 275, 277, 278, 279, 280, 281, 282, 289, 300, 302, 303, 305, 306, 307, 308, 311, 316, 317, 321, 329, 330, 331, 332, 333, 334, 335, 339, 346, 347, 348, 349, 350, 351, 358, 359, 364, 365, 368, 372, 375, 379], "summary": {"covered_lines": 100, "num_statements": 101, "percent_covered": 99.00990099009901, "percent_covered_display": "99", "missing_lines": 1, "excluded_lines": 0}, "missing_lines": [363], "excluded_lines": []}, "TestIntegration": {"executed_lines": [389, 390, 392, 394, 397, 412, 413, 414, 417, 418, 421, 422, 425, 426, 427, 430, 431, 434, 438, 439, 442, 446, 450, 451], "summary": {"covered_lines": 24, "num_statements": 24, "percent_covered": 100.0, "percent_covered_display": "100", "missing_lines": 0, "excluded_lines": 0}, "missing_lines": [], "excluded_lines": []}, "": {"executed_lines": [2, 7, 8, 9, 10, 11, 12, 15, 17, 18, 21, 22, 24, 25, 29, 37, 63, 64, 74, 85, 86, 88, 89, 98, 99, 106, 114, 115, 144, 145, 169, 170, 193, 194, 236, 237, 261, 262, 284, 285, 319, 337, 353, 354, 382, 383, 385, 386, 454], "summary": {"covered_lines": 45, "num_statements": 46, "percent_covered": 97.82608695652173, "percent_covered_display": "98", "missing_lines": 1, "excluded_lines": 0}, "missing_lines": [455], "excluded_lines": []}}}, "verify_production_servers.py": {"executed_lines": [], "summary": {"covered_lines": 0, "num_statements": 172, "percent_covered": 0.0, "percent_covered_display": "0", "missing_lines": 172, "excluded_lines": 0}, "missing_lines": [7, 8, 9, 10, 11, 12, 13, 16, 20, 23, 118, 121, 122, 123, 124, 132, 134, 135, 137, 138, 140, 142, 144, 146, 148, 151, 152, 155, 156, 157, 158, 160, 161, 163, 164, 165, 167, 169, 170, 172, 173, 174, 176, 177, 179, 180, 181, 183, 185, 186, 188, 189, 191, 194, 197, 198, 199, 201, 202, 204, 205, 206, 208, 210, 220, 222, 225, 226, 229, 230, 233, 234, 237, 244, 245, 246, 248, 249, 251, 252, 253, 254, 255, 257, 259, 261, 262, 264, 265, 266, 267, 269, 270, 273, 274, 275, 276, 277, 278, 279, 282, 283, 284, 285, 287, 288, 289, 290, 291, 294, 295, 297, 298, 300, 302, 304, 306, 307, 308, 309, 311, 313, 314, 315, 316, 318, 319, 320, 321, 322, 323, 325, 326, 327, 328, 329, 330, 331, 332, 334, 335, 336, 337, 338, 339, 341, 344, 345, 346, 348, 349, 351, 354, 355, 356, 357, 360, 362, 364, 366, 369, 372, 375, 376, 377, 379, 380, 382, 383, 384, 387, 388], "excluded_lines": [], "functions": {"ProductionServerVerifier.__init__": {"executed_lines": [], "summary": {"covered_lines": 0, "num_statements": 3, "percent_covered": 0.0, "percent_covered_display": "0", "missing_lines": 3, "excluded_lines": 0}, "missing_lines": [122, 123, 124], "excluded_lines": []}, "ProductionServerVerifier.verify_file_exists": {"executed_lines": [], "summary": {"covered_lines": 0, "num_statements": 6, "percent_covered": 0.0, "percent_covered_display": "0", "missing_lines": 6, "excluded_lines": 0}, "missing_lines": [134, 135, 137, 138, 140, 142], "excluded_lines": []}, "ProductionServerVerifier.verify_class_import": {"executed_lines": [], "summary": {"covered_lines": 0, "num_statements": 13, "percent_covered": 0.0, "percent_covered_display": "0", "missing_lines": 13, "excluded_lines": 0}, "missing_lines": [146, 148, 151, 152, 155, 156, 157, 158, 160, 161, 163, 164, 165], "excluded_lines": []}, "ProductionServerVerifier.verify_registry_integration": {"executed_lines": [], "summary": {"covered_lines": 0, "num_statements": 10, "percent_covered": 0.0, "percent_covered_display": "0", "missing_lines": 10, "excluded_lines": 0}, "missing_lines": [169, 170, 172, 173, 174, 176, 177, 179, 180, 181], "excluded_lines": []}, "ProductionServerVerifier.verify_server_instantiation": {"executed_lines": [], "summary": {"covered_lines": 0, "num_statements": 14, "percent_covered": 0.0, "percent_covered_display": "0", "missing_lines": 14, "excluded_lines": 0}, "missing_lines": [185, 186, 188, 189, 191, 194, 197, 198, 199, 201, 202, 204, 205, 206], "excluded_lines": []}, "ProductionServerVerifier.verify_server_metadata": {"executed_lines": [], "summary": {"covered_lines": 0, "num_statements": 21, "percent_covered": 0.0, "percent_covered_display": "0", "missing_lines": 21, "excluded_lines": 0}, "missing_lines": [210, 220, 222, 225, 226, 229, 230, 233, 234, 237, 244, 245, 246, 248, 249, 251, 252, 253, 254, 255, 257], "excluded_lines": []}, "ProductionServerVerifier.run_comprehensive_verification": {"executed_lines": [], "summary": {"covered_lines": 0, "num_statements": 30, "percent_covered": 0.0, "percent_covered_display": "0", "missing_lines": 30, "excluded_lines": 0}, "missing_lines": [261, 262, 264, 265, 266, 267, 269, 270, 273, 274, 275, 276, 277, 278, 279, 282, 283, 284, 285, 287, 288, 289, 290, 291, 294, 295, 297, 298, 300, 302], "excluded_lines": []}, "ProductionServerVerifier.save_results": {"executed_lines": [], "summary": {"covered_lines": 0, "num_statements": 4, "percent_covered": 0.0, "percent_covered_display": "0", "missing_lines": 4, "excluded_lines": 0}, "missing_lines": [306, 307, 308, 309], "excluded_lines": []}, "ProductionServerVerifier.generate_production_report": {"executed_lines": [], "summary": {"covered_lines": 0, "num_statements": 35, "percent_covered": 0.0, "percent_covered_display": "0", "missing_lines": 35, "excluded_lines": 0}, "missing_lines": [313, 314, 315, 316, 318, 319, 320, 321, 322, 323, 325, 326, 327, 328, 329, 330, 331, 332, 334, 335, 336, 337, 338, 339, 341, 344, 345, 346, 348, 349, 351, 354, 355, 356, 357], "excluded_lines": []}, "main": {"executed_lines": [], "summary": {"covered_lines": 0, "num_statements": 13, "percent_covered": 0.0, "percent_covered_display": "0", "missing_lines": 13, "excluded_lines": 0}, "missing_lines": [362, 364, 366, 369, 372, 375, 376, 377, 379, 380, 382, 383, 384], "excluded_lines": []}, "": {"executed_lines": [], "summary": {"covered_lines": 0, "num_statements": 23, "percent_covered": 0.0, "percent_covered_display": "0", "missing_lines": 23, "excluded_lines": 0}, "missing_lines": [7, 8, 9, 10, 11, 12, 13, 16, 20, 23, 118, 121, 132, 144, 167, 183, 208, 259, 304, 311, 360, 387, 388], "excluded_lines": []}}, "classes": {"ProductionServerVerifier": {"executed_lines": [], "summary": {"covered_lines": 0, "num_statements": 136, "percent_covered": 0.0, "percent_covered_display": "0", "missing_lines": 136, "excluded_lines": 0}, "missing_lines": [122, 123, 124, 134, 135, 137, 138, 140, 142, 146, 148, 151, 152, 155, 156, 157, 158, 160, 161, 163, 164, 165, 169, 170, 172, 173, 174, 176, 177, 179, 180, 181, 185, 186, 188, 189, 191, 194, 197, 198, 199, 201, 202, 204, 205, 206, 210, 220, 222, 225, 226, 229, 230, 233, 234, 237, 244, 245, 246, 248, 249, 251, 252, 253, 254, 255, 257, 261, 262, 264, 265, 266, 267, 269, 270, 273, 274, 275, 276, 277, 278, 279, 282, 283, 284, 285, 287, 288, 289, 290, 291, 294, 295, 297, 298, 300, 302, 306, 307, 308, 309, 313, 314, 315, 316, 318, 319, 320, 321, 322, 323, 325, 326, 327, 328, 329, 330, 331, 332, 334, 335, 336, 337, 338, 339, 341, 344, 345, 346, 348, 349, 351, 354, 355, 356, 357], "excluded_lines": []}, "": {"executed_lines": [], "summary": {"covered_lines": 0, "num_statements": 36, "percent_covered": 0.0, "percent_covered_display": "0", "missing_lines": 36, "excluded_lines": 0}, "missing_lines": [7, 8, 9, 10, 11, 12, 13, 16, 20, 23, 118, 121, 132, 144, 167, 183, 208, 259, 304, 311, 360, 362, 364, 366, 369, 372, 375, 376, 377, 379, 380, 382, 383, 384, 387, 388], "excluded_lines": []}}}}, "totals": {"covered_lines": 1341, "num_statements": 5443, "percent_covered": 24.637148631269522, "percent_covered_display": "25", "missing_lines": 4102, "excluded_lines": 0}}